2023-05-15 11:51:28.287 [info] Log level: Info
2023-05-15 11:51:28.287 [info] Validating found git in: "git"
2023-05-15 11:51:28.287 [info] Using git "2.25.1" from "git"
2023-05-15 11:51:28.287 [info] > git rev-parse --show-toplevel [35ms]
2023-05-15 11:51:28.287 [info] fatal: not a git repository (or any of the parent directories): .git
2023-05-15 11:51:28.287 [info] > git rev-parse --show-toplevel [16ms]
2023-05-15 11:51:28.287 [info] fatal: not a git repository (or any of the parent directories): .git
2023-05-15 11:51:28.287 [info] > git rev-parse --show-toplevel [3ms]
2023-05-15 11:51:28.287 [info] fatal: not a git repository (or any of the parent directories): .git
2023-05-15 11:51:28.287 [info] > git rev-parse --show-toplevel [54ms]
2023-05-15 11:51:28.287 [info] fatal: not a git repository (or any of the parent directories): .git
2023-05-15 11:51:28.287 [info] > git rev-parse --show-toplevel [10ms]
2023-05-15 11:51:28.287 [info] fatal: not a git repository (or any of the parent directories): .git
2023-05-15 11:51:28.287 [info] > git rev-parse --show-toplevel [2ms]
2023-05-15 11:51:28.287 [info] fatal: not a git repository (or any of the parent directories): .git
2023-05-15 11:51:28.287 [info] > git rev-parse --show-toplevel [6ms]
2023-05-15 11:51:28.287 [info] fatal: not a git repository (or any of the parent directories): .git
2023-05-15 11:51:52.432 [info] > git rev-parse --show-toplevel [1ms]
2023-05-15 11:51:52.432 [info] fatal: not a git repository (or any of the parent directories): .git
2023-05-15 11:51:52.705 [info] > git rev-parse --show-toplevel [3ms]
2023-05-15 11:51:52.705 [info] fatal: not a git repository (or any of the parent directories): .git
