2023-12-21 11:25:44.890 [info] Log level: Info
2023-12-21 11:25:44.890 [info] Validating found git in: "git"
2023-12-21 11:25:44.890 [info] Using git "2.25.1" from "git"
2023-12-21 11:25:44.890 [info] > git rev-parse --show-toplevel [16ms]
2023-12-21 11:25:44.890 [info] > git rev-parse --git-dir --git-common-dir [23ms]
2023-12-21 11:25:44.890 [info] Open repository: /home/ubuntu
2023-12-21 11:25:44.890 [info] > git config --get commit.template [27ms]
2023-12-21 11:25:44.890 [info] > git rev-parse --show-toplevel [121ms]
2023-12-21 11:25:44.890 [info] > git for-each-ref --format=%(refname)%00%(upstream:short)%00%(objectname)%00%(upstream:track)%00%(upstream:remotename)%00%(upstream:remoteref) refs/heads/main refs/remotes/main [97ms]
2023-12-21 11:25:44.890 [warning] ENOENT: no such file or directory, open '/home/ubuntu/.git/refs/remotes/origin/main'
2023-12-21 11:25:44.890 [info] > git rev-parse --show-toplevel [70ms]
2023-12-21 11:25:44.891 [info] > git rev-parse refs/remotes/origin/main [353ms]
2023-12-21 11:25:44.936 [info] > git rev-parse --show-toplevel [54ms]
2023-12-21 11:25:45.123 [info] > git rev-parse --show-toplevel [157ms]
2023-12-21 11:25:45.193 [info] > git rev-parse --show-toplevel [1ms]
2023-12-21 11:25:45.261 [info] > git rev-parse --show-toplevel [28ms]
2023-12-21 11:25:45.306 [info] > git rev-parse --show-toplevel [16ms]
2023-12-21 11:25:45.354 [info] > git rev-parse --show-toplevel [26ms]
2023-12-21 11:25:45.384 [info] > git rev-parse --show-toplevel [10ms]
2023-12-21 11:25:45.421 [info] > git rev-parse --show-toplevel [3ms]
2023-12-21 11:25:45.475 [info] > git rev-parse --show-toplevel [9ms]
2023-12-21 11:25:45.530 [info] > git rev-parse --show-toplevel [12ms]
2023-12-21 11:25:45.592 [info] > git rev-parse --show-toplevel [2ms]
2023-12-21 11:25:45.763 [info] > git show --textconv :Airflow/clean_data/data.csv [85ms]
2023-12-21 11:25:45.783 [info] > git ls-files --stage -- /home/ubuntu/Airflow/clean_data/data.csv [45ms]
2023-12-21 11:25:45.851 [info] > git cat-file -s 88b10c01bed9eba68f1911a8c63227244ed2c064 [33ms]
2023-12-21 11:25:46.228 [info] > git check-ignore -v -z --stdin [317ms]
2023-12-21 11:25:46.261 [info] > git status -z -uall [1332ms] (cancelled)
2023-12-21 11:25:56.630 [info] > git check-ignore -v -z --stdin [15ms]
2023-12-21 11:26:58.987 [info] > git show --textconv :clean_data/data.csv [17ms]
2023-12-21 11:26:59.008 [info] > git ls-files --stage -- /home/ubuntu/clean_data/data.csv [22ms]
2023-12-21 11:26:59.024 [info] > git cat-file -s 8107127b38b504a1ad8af37a5ae9089099c2a91d [3ms]
2023-12-21 11:27:31.174 [info] > git check-ignore -v -z --stdin [22ms]
2023-12-21 11:27:43.659 [info] > git check-ignore -v -z --stdin [59ms]
2023-12-21 11:27:47.977 [info] > git show --textconv :Airflow/raw_files/2023-12-20 09:25.json [19ms]
2023-12-21 11:27:48.043 [info] > git ls-files --stage -- /home/ubuntu/Airflow/raw_files/2023-12-20 09:25.json [66ms]
2023-12-21 11:27:48.077 [info] > git cat-file -s 18c2efefca38dd163e9d1c664b43a94617b9de98 [25ms]
2023-12-21 11:27:51.289 [info] > git check-ignore -v -z --stdin [206ms]
2023-12-21 11:28:03.779 [info] > git check-ignore -v -z --stdin [20ms]
2023-12-21 11:28:11.995 [info] > git show --textconv :raw_files/2023-12-20 09:25.json [32ms]
2023-12-21 11:28:11.998 [info] > git ls-files --stage -- /home/ubuntu/raw_files/2023-12-20 09:25.json [16ms]
2023-12-21 11:28:17.188 [info] > git check-ignore -v -z --stdin [64ms]
2023-12-21 11:28:19.780 [info] > git check-ignore -v -z --stdin [20ms]
2023-12-21 11:28:49.206 [info] > git show --textconv :Airflow/raw_files/2023-12-21 11:28.json [26ms]
2023-12-21 11:28:49.214 [info] > git ls-files --stage -- /home/ubuntu/Airflow/raw_files/2023-12-21 11:28.json [15ms]
2023-12-21 11:28:51.792 [info] > git show --textconv :raw_files/2023-12-21 11:28.json [24ms]
2023-12-21 11:28:51.802 [info] > git ls-files --stage -- /home/ubuntu/raw_files/2023-12-21 11:28.json [17ms]
2023-12-21 11:28:52.200 [info] > git check-ignore -v -z --stdin [43ms]
2023-12-21 11:28:54.740 [info] > git check-ignore -v -z --stdin [167ms]
2023-12-21 11:29:08.143 [info] > git show --textconv :Airflow/docker-compose.yaml [79ms]
2023-12-21 11:29:08.182 [info] > git ls-files --stage -- /home/ubuntu/Airflow/docker-compose.yaml [73ms]
2023-12-21 11:29:16.586 [info] > git show --textconv :Airflow/Script_model [39ms]
2023-12-21 11:29:16.643 [info] > git ls-files --stage -- /home/ubuntu/Airflow/Script_model [68ms]
2023-12-21 11:29:16.776 [info] > git cat-file -s b19b7b1271ed977235f2ce178b93566e52a80e6d [62ms]
2023-12-21 11:29:33.988 [info] > git show --textconv :Script_model [58ms]
2023-12-21 11:29:34.045 [info] > git ls-files --stage -- /home/ubuntu/Script_model [59ms]
2023-12-21 11:29:34.822 [info] > git check-ignore -v -z --stdin [104ms]
2023-12-21 11:31:21.530 [info] > git show --textconv :script_raw_file [27ms]
2023-12-21 11:31:21.543 [info] > git ls-files --stage -- /home/ubuntu/script_raw_file [15ms]
2023-12-21 11:31:23.087 [info] > git show --textconv :Script_model [48ms]
2023-12-21 11:31:23.162 [info] > git ls-files --stage -- /home/ubuntu/Script_model [76ms]
2023-12-21 11:31:24.151 [info] > git show --textconv :script_tranform_to_csv [49ms]
2023-12-21 11:31:24.228 [info] > git ls-files --stage -- /home/ubuntu/script_tranform_to_csv [78ms]
2023-12-21 11:31:53.447 [info] > git show --textconv :script_raw_file [39ms]
2023-12-21 11:31:53.464 [info] > git ls-files --stage -- /home/ubuntu/script_raw_file [18ms]
2023-12-21 11:31:54.750 [info] > git show --textconv :script_tranform_to_csv [16ms]
2023-12-21 11:31:54.759 [info] > git ls-files --stage -- /home/ubuntu/script_tranform_to_csv [10ms]
2023-12-21 11:32:06.080 [info] > git show --textconv :script_raw_file [40ms]
2023-12-21 11:32:06.102 [info] > git ls-files --stage -- /home/ubuntu/script_raw_file [22ms]
2023-12-21 11:32:26.032 [info] > git show --textconv :Script_model [40ms]
2023-12-21 11:32:26.061 [info] > git ls-files --stage -- /home/ubuntu/Script_model [30ms]
2023-12-21 11:32:44.428 [info] > git show --textconv :script_raw_file [29ms]
2023-12-21 11:32:44.460 [info] > git ls-files --stage -- /home/ubuntu/script_raw_file [33ms]
2023-12-21 11:33:07.921 [info] > git check-ignore -v -z --stdin [8ms]
2023-12-21 11:33:13.742 [info] > git check-ignore -v -z --stdin [13ms]
2023-12-21 11:33:19.405 [info] > git show --textconv :script_tranform_to_csv [35ms]
2023-12-21 11:33:19.424 [info] > git ls-files --stage -- /home/ubuntu/script_tranform_to_csv [25ms]
2023-12-21 11:33:41.721 [info] > git show --textconv :clean_data/data.csv [27ms]
2023-12-21 11:33:41.733 [info] > git ls-files --stage -- /home/ubuntu/clean_data/data.csv [12ms]
2023-12-21 11:33:41.753 [info] > git cat-file -s 8107127b38b504a1ad8af37a5ae9089099c2a91d [3ms]
2023-12-21 11:34:49.048 [info] > git show --textconv :script_tranform_to_csv [33ms]
2023-12-21 11:34:49.072 [info] > git ls-files --stage -- /home/ubuntu/script_tranform_to_csv [25ms]
2023-12-21 11:34:59.627 [info] > git show --textconv :Script_model [27ms]
2023-12-21 11:34:59.650 [info] > git ls-files --stage -- /home/ubuntu/Script_model [24ms]
2023-12-21 11:37:30.566 [info] > git show --textconv :.wget-hsts [34ms]
2023-12-21 11:37:30.590 [info] > git ls-files --stage -- /home/ubuntu/.wget-hsts [32ms]
2023-12-21 11:37:30.622 [info] > git cat-file -s aab45136051ee54c15face77b619a2fbe4731554 [3ms]
2023-12-21 11:38:36.382 [info] > git show --textconv :.wget-hsts [26ms]
2023-12-21 11:38:36.405 [info] > git ls-files --stage -- /home/ubuntu/.wget-hsts [24ms]
2023-12-21 11:38:36.441 [info] > git cat-file -s aab45136051ee54c15face77b619a2fbe4731554 [3ms]
2023-12-21 11:38:38.892 [info] > git show --textconv :.bashrc [30ms]
2023-12-21 11:38:38.915 [info] > git ls-files --stage -- /home/ubuntu/.bashrc [25ms]
2023-12-21 11:38:38.942 [info] > git cat-file -s b488fcc4cee656840d7a756298456eaa243b3e46 [6ms]
2023-12-21 11:40:19.508 [info] > git check-ignore -v -z --stdin [14ms]
2023-12-21 11:40:22.862 [info] > git show --textconv :dags/efzef [30ms]
2023-12-21 11:40:22.872 [info] > git ls-files --stage -- /home/ubuntu/dags/efzef [11ms]
2023-12-21 11:40:53.410 [info] > git check-ignore -v -z --stdin [16ms]
2023-12-21 11:41:06.518 [info] > git show --textconv :dags/dag [28ms]
2023-12-21 11:41:06.534 [info] > git ls-files --stage -- /home/ubuntu/dags/dag [17ms]
2023-12-21 11:41:21.810 [info] > git check-ignore -v -z --stdin [16ms]
2023-12-21 11:57:04.002 [info] > git check-ignore -v -z --stdin [19ms]
2023-12-21 11:57:14.127 [info] > git show --textconv :dags/dag [28ms]
2023-12-21 11:57:14.137 [info] > git ls-files --stage -- /home/ubuntu/dags/dag [11ms]
2023-12-21 11:59:07.940 [info] > git show --textconv :dags/efzef [33ms]
2023-12-21 11:59:07.957 [info] > git ls-files --stage -- /home/ubuntu/dags/efzef [20ms]
2023-12-21 12:04:11.947 [info] > git for-each-ref --sort -committerdate --format %(refname) %(objectname) %(*objectname) [20ms]
2023-12-21 12:04:38.199 [info] > git config --get commit.template [32ms]
2023-12-21 12:04:38.219 [info] > git for-each-ref --format=%(refname)%00%(upstream:short)%00%(objectname)%00%(upstream:track)%00%(upstream:remotename)%00%(upstream:remoteref) refs/heads/main refs/remotes/main [23ms]
2023-12-21 12:04:38.250 [warning] ENOENT: no such file or directory, open '/home/ubuntu/.git/refs/remotes/origin/main'
2023-12-21 12:04:38.253 [info] > git rev-parse refs/remotes/origin/main [3ms]
2023-12-21 12:04:38.697 [info] > git status -z -uall [417ms] (cancelled)
2023-12-21 12:04:43.018 [info] > git config --get commit.template [214ms]
2023-12-21 12:04:43.089 [info] > git for-each-ref --format=%(refname)%00%(upstream:short)%00%(objectname)%00%(upstream:track)%00%(upstream:remotename)%00%(upstream:remoteref) refs/heads/main refs/remotes/main [34ms]
2023-12-21 12:04:43.112 [warning] ENOENT: no such file or directory, open '/home/ubuntu/.git/refs/remotes/origin/main'
2023-12-21 12:04:47.338 [info] > git rev-parse refs/remotes/origin/main [4226ms]
2023-12-21 12:04:47.345 [info] > git config --get commit.template [8ms]
2023-12-21 12:04:47.390 [info] > git for-each-ref --format=%(refname)%00%(upstream:short)%00%(objectname)%00%(upstream:track)%00%(upstream:remotename)%00%(upstream:remoteref) refs/heads/main refs/remotes/main [7ms]
2023-12-21 12:04:47.433 [warning] ENOENT: no such file or directory, open '/home/ubuntu/.git/refs/remotes/origin/main'
2023-12-21 12:04:47.440 [info] > git rev-parse refs/remotes/origin/main [8ms]
2023-12-21 12:04:52.455 [info] > git status -z -uall [4983ms] (cancelled)
2023-12-21 12:04:52.628 [info] > git merge-base refs/heads/main refs/remotes/origin/main [121ms]
2023-12-21 12:04:52.739 [info] > git show --textconv :.bashrc [43ms]
2023-12-21 12:04:52.740 [info] > git rev-list --count --left-right refs/heads/main...refs/remotes/origin/main [74ms]
2023-12-21 12:04:52.780 [info] > git ls-files --stage -- /home/ubuntu/.bashrc [41ms]
2023-12-21 12:04:52.814 [info] > git cat-file -s b488fcc4cee656840d7a756298456eaa243b3e46 [9ms]
2023-12-21 12:04:54.125 [info] > git check-ignore -v -z --stdin [61ms]
2023-12-21 12:09:49.409 [info] > git ls-files --stage -- /home/ubuntu/.bashrc [16ms]
2023-12-21 12:09:49.441 [info] > git cat-file -s b488fcc4cee656840d7a756298456eaa243b3e46 [3ms]
2023-12-21 12:09:49.530 [info] > git show --textconv :.bashrc [20ms]
