2023-12-21 10:34:25.223 [info] Log level: Info
2023-12-21 10:34:25.223 [info] Validating found git in: "git"
2023-12-21 10:34:25.223 [info] Using git "2.25.1" from "git"
2023-12-21 10:34:25.223 [info] > git rev-parse --show-toplevel [4ms]
2023-12-21 10:34:25.223 [info] > git rev-parse --git-dir --git-common-dir [3ms]
2023-12-21 10:34:25.223 [info] Open repository: /home/ubuntu
2023-12-21 10:34:25.223 [info] > git config --get commit.template [12ms]
2023-12-21 10:34:25.223 [info] > git rev-parse --show-toplevel [19ms]
2023-12-21 10:34:25.223 [info] > git rev-parse --show-toplevel [2ms]
2023-12-21 10:34:25.223 [info] > git for-each-ref --format=%(refname)%00%(upstream:short)%00%(objectname)%00%(upstream:track)%00%(upstream:remotename)%00%(upstream:remoteref) refs/heads/main refs/remotes/main [33ms]
2023-12-21 10:34:25.223 [warning] ENOENT: no such file or directory, open '/home/ubuntu/.git/refs/remotes/origin/main'
2023-12-21 10:34:25.223 [info] > git rev-parse refs/remotes/origin/main [6ms]
2023-12-21 10:34:25.223 [info] > git status -z -uall [629ms] (cancelled)
2023-12-21 10:34:25.746 [info] > git check-ignore -v -z --stdin [18ms]
2023-12-21 10:36:01.166 [info] > git show --textconv :Airflow/Script_model [16ms]
2023-12-21 10:36:01.173 [info] > git ls-files --stage -- /home/ubuntu/Airflow/Script_model [13ms]
2023-12-21 10:36:01.188 [info] > git cat-file -s b19b7b1271ed977235f2ce178b93566e52a80e6d [7ms]
2023-12-21 10:36:03.804 [info] > git show --textconv :Airflow/script_raw_file [38ms]
2023-12-21 10:36:03.805 [info] > git ls-files --stage -- /home/ubuntu/Airflow/script_raw_file [13ms]
2023-12-21 10:36:03.857 [info] > git cat-file -s d929e453621bca15276ed60636a1fc26d5dcfaf4 [29ms]
2023-12-21 10:36:05.580 [info] > git check-ignore -v -z --stdin [18ms]
2023-12-21 10:36:06.526 [info] > git show --textconv :Airflow/clean_data/data.csv [24ms]
2023-12-21 10:36:06.537 [info] > git ls-files --stage -- /home/ubuntu/Airflow/clean_data/data.csv [16ms]
2023-12-21 10:36:06.555 [info] > git cat-file -s 88b10c01bed9eba68f1911a8c63227244ed2c064 [6ms]
2023-12-21 10:36:18.114 [info] > git check-ignore -v -z --stdin [74ms]
2023-12-21 10:36:20.343 [info] > git check-ignore -v -z --stdin [67ms]
2023-12-21 10:37:05.494 [info] > git check-ignore -v -z --stdin [10ms]
2023-12-21 10:37:50.253 [info] > git show --textconv :Airflow/Script_model [15ms]
2023-12-21 10:37:50.284 [info] > git ls-files --stage -- /home/ubuntu/Airflow/Script_model [32ms]
2023-12-21 10:37:50.304 [info] > git cat-file -s b19b7b1271ed977235f2ce178b93566e52a80e6d [1ms]
2023-12-21 10:38:03.386 [info] > git check-ignore -v -z --stdin [18ms]
2023-12-21 10:39:03.587 [info] > git check-ignore -v -z --stdin [9ms]
2023-12-21 10:40:03.708 [info] > git check-ignore -v -z --stdin [9ms]
2023-12-21 10:40:59.282 [info] > git show --textconv :Airflow/clean_data/data.csv [16ms]
2023-12-21 10:40:59.289 [info] > git ls-files --stage -- /home/ubuntu/Airflow/clean_data/data.csv [8ms]
2023-12-21 10:40:59.302 [info] > git cat-file -s 88b10c01bed9eba68f1911a8c63227244ed2c064 [2ms]
2023-12-21 10:42:28.312 [info] > git show --textconv :Airflow/Script_model [13ms]
2023-12-21 10:42:28.319 [info] > git ls-files --stage -- /home/ubuntu/Airflow/Script_model [8ms]
2023-12-21 10:42:28.332 [info] > git cat-file -s b19b7b1271ed977235f2ce178b93566e52a80e6d [2ms]
2023-12-21 10:44:50.643 [info] > git check-ignore -v -z --stdin [8ms]
2023-12-21 10:46:17.812 [info] > git show --textconv :Airflow/script_tranform_to_csv [14ms]
2023-12-21 10:46:17.818 [info] > git ls-files --stage -- /home/ubuntu/Airflow/script_tranform_to_csv [8ms]
2023-12-21 10:46:17.830 [info] > git cat-file -s 0622d02009e8a588a5f31f78111a32483abd7ba0 [1ms]
2023-12-21 10:46:18.882 [info] > git show --textconv :Airflow/script_raw_file [14ms]
2023-12-21 10:46:18.889 [info] > git ls-files --stage -- /home/ubuntu/Airflow/script_raw_file [8ms]
2023-12-21 10:46:18.905 [info] > git cat-file -s d929e453621bca15276ed60636a1fc26d5dcfaf4 [3ms]
2023-12-21 10:48:01.630 [info] > git show --textconv :Airflow/Script_model [37ms]
2023-12-21 10:48:01.665 [info] > git ls-files --stage -- /home/ubuntu/Airflow/Script_model [52ms]
2023-12-21 10:48:01.681 [info] > git cat-file -s b19b7b1271ed977235f2ce178b93566e52a80e6d [3ms]
2023-12-21 10:49:37.396 [info] > git show --textconv :Airflow/Script_model [14ms]
2023-12-21 10:49:37.399 [info] > git ls-files --stage -- /home/ubuntu/Airflow/Script_model [10ms]
2023-12-21 10:49:37.410 [info] > git cat-file -s b19b7b1271ed977235f2ce178b93566e52a80e6d [1ms]
2023-12-21 11:12:44.826 [info] > git check-ignore -v -z --stdin [46ms]
2023-12-21 11:18:44.456 [info] > git check-ignore -v -z --stdin [10ms]
2023-12-21 11:18:47.540 [info] > git check-ignore -v -z --stdin [15ms]
