*
* Visual Studio Code Server
*
* By using the software, you agree to
* the Visual Studio Code Server License Terms (https://aka.ms/vscode-server-license) and
* the Microsoft Privacy Statement (https://privacy.microsoft.com/en-US/privacystatement).
*
Server bound to 127.0.0.1:46285 (IPv4)
Extension host agent listening on 46285

[10:33:23] 




[10:33:24] Extension host agent started.
[10:33:24] [127.0.0.1][03f75ac0][ManagementConnection] New connection established.
[10:33:24] [127.0.0.1][00f1cbc6][ExtensionHostConnection] New connection established.
[10:33:25] [127.0.0.1][00f1cbc6][ExtensionHostConnection] <1598> Launched Extension Host Process.
rejected promise not handled within 1 second: CodeExpectedError: Could not find pty on pty host
stack trace: CodeExpectedError: Could not find pty on pty host
    at A.U (/home/ubuntu/.vscode-server/bin/0ee08df0cf4527e40edc9aa28f4b5bd38bbff2b2/out/vs/platform/terminal/node/ptyHostMain.js:43:32377)
    at A.updateIcon (/home/ubuntu/.vscode-server/bin/0ee08df0cf4527e40edc9aa28f4b5bd38bbff2b2/out/vs/platform/terminal/node/ptyHostMain.js:43:27562)
    at T.<computed> (/home/ubuntu/.vscode-server/bin/0ee08df0cf4527e40edc9aa28f4b5bd38bbff2b2/out/vs/platform/terminal/node/ptyHostMain.js:43:22735)
    at Object.call (/home/ubuntu/.vscode-server/bin/0ee08df0cf4527e40edc9aa28f4b5bd38bbff2b2/out/vs/platform/terminal/node/ptyHostMain.js:34:5041)
    at g.s (/home/ubuntu/.vscode-server/bin/0ee08df0cf4527e40edc9aa28f4b5bd38bbff2b2/out/vs/platform/terminal/node/ptyHostMain.js:32:5153)
    at g.q (/home/ubuntu/.vscode-server/bin/0ee08df0cf4527e40edc9aa28f4b5bd38bbff2b2/out/vs/platform/terminal/node/ptyHostMain.js:32:4662)
    at a.value (/home/ubuntu/.vscode-server/bin/0ee08df0cf4527e40edc9aa28f4b5bd38bbff2b2/out/vs/platform/terminal/node/ptyHostMain.js:32:4064)
    at i.y (/home/ubuntu/.vscode-server/bin/0ee08df0cf4527e40edc9aa28f4b5bd38bbff2b2/out/vs/platform/terminal/node/ptyHostMain.js:27:1906)
    at i.fire (/home/ubuntu/.vscode-server/bin/0ee08df0cf4527e40edc9aa28f4b5bd38bbff2b2/out/vs/platform/terminal/node/ptyHostMain.js:27:2123)
    at process.ce (/home/ubuntu/.vscode-server/bin/0ee08df0cf4527e40edc9aa28f4b5bd38bbff2b2/out/vs/platform/terminal/node/ptyHostMain.js:25:10117)
    at process.emit (node:events:513:28)
    at emit (node:internal/child_process:937:14)
    at process.processTicksAndRejections (node:internal/process/task_queues:83:21)
[10:33:30] Error [CodeExpectedError]: Could not find pty on pty host
    at A.U (/home/ubuntu/.vscode-server/bin/0ee08df0cf4527e40edc9aa28f4b5bd38bbff2b2/out/vs/platform/terminal/node/ptyHostMain.js:43:32377)
    at A.updateIcon (/home/ubuntu/.vscode-server/bin/0ee08df0cf4527e40edc9aa28f4b5bd38bbff2b2/out/vs/platform/terminal/node/ptyHostMain.js:43:27562)
    at T.<computed> (/home/ubuntu/.vscode-server/bin/0ee08df0cf4527e40edc9aa28f4b5bd38bbff2b2/out/vs/platform/terminal/node/ptyHostMain.js:43:22735)
    at Object.call (/home/ubuntu/.vscode-server/bin/0ee08df0cf4527e40edc9aa28f4b5bd38bbff2b2/out/vs/platform/terminal/node/ptyHostMain.js:34:5041)
    at g.s (/home/ubuntu/.vscode-server/bin/0ee08df0cf4527e40edc9aa28f4b5bd38bbff2b2/out/vs/platform/terminal/node/ptyHostMain.js:32:5153)
    at g.q (/home/ubuntu/.vscode-server/bin/0ee08df0cf4527e40edc9aa28f4b5bd38bbff2b2/out/vs/platform/terminal/node/ptyHostMain.js:32:4662)
    at a.value (/home/ubuntu/.vscode-server/bin/0ee08df0cf4527e40edc9aa28f4b5bd38bbff2b2/out/vs/platform/terminal/node/ptyHostMain.js:32:4064)
    at i.y (/home/ubuntu/.vscode-server/bin/0ee08df0cf4527e40edc9aa28f4b5bd38bbff2b2/out/vs/platform/terminal/node/ptyHostMain.js:27:1906)
    at i.fire (/home/ubuntu/.vscode-server/bin/0ee08df0cf4527e40edc9aa28f4b5bd38bbff2b2/out/vs/platform/terminal/node/ptyHostMain.js:27:2123)
    at process.ce (/home/ubuntu/.vscode-server/bin/0ee08df0cf4527e40edc9aa28f4b5bd38bbff2b2/out/vs/platform/terminal/node/ptyHostMain.js:25:10117)
    at process.emit (node:events:513:28)
    at emit (node:internal/child_process:937:14)
    at process.processTicksAndRejections (node:internal/process/task_queues:83:21)
rejected promise not handled within 1 second: CodeExpectedError: Could not find pty on pty host
stack trace: CodeExpectedError: Could not find pty on pty host
    at A.U (/home/ubuntu/.vscode-server/bin/0ee08df0cf4527e40edc9aa28f4b5bd38bbff2b2/out/vs/platform/terminal/node/ptyHostMain.js:43:32377)
    at A.updateTitle (/home/ubuntu/.vscode-server/bin/0ee08df0cf4527e40edc9aa28f4b5bd38bbff2b2/out/vs/platform/terminal/node/ptyHostMain.js:43:27509)
    at T.<computed> (/home/ubuntu/.vscode-server/bin/0ee08df0cf4527e40edc9aa28f4b5bd38bbff2b2/out/vs/platform/terminal/node/ptyHostMain.js:43:22735)
    at Object.call (/home/ubuntu/.vscode-server/bin/0ee08df0cf4527e40edc9aa28f4b5bd38bbff2b2/out/vs/platform/terminal/node/ptyHostMain.js:34:5041)
    at g.s (/home/ubuntu/.vscode-server/bin/0ee08df0cf4527e40edc9aa28f4b5bd38bbff2b2/out/vs/platform/terminal/node/ptyHostMain.js:32:5153)
    at g.q (/home/ubuntu/.vscode-server/bin/0ee08df0cf4527e40edc9aa28f4b5bd38bbff2b2/out/vs/platform/terminal/node/ptyHostMain.js:32:4662)
    at a.value (/home/ubuntu/.vscode-server/bin/0ee08df0cf4527e40edc9aa28f4b5bd38bbff2b2/out/vs/platform/terminal/node/ptyHostMain.js:32:4064)
    at i.y (/home/ubuntu/.vscode-server/bin/0ee08df0cf4527e40edc9aa28f4b5bd38bbff2b2/out/vs/platform/terminal/node/ptyHostMain.js:27:1906)
    at i.fire (/home/ubuntu/.vscode-server/bin/0ee08df0cf4527e40edc9aa28f4b5bd38bbff2b2/out/vs/platform/terminal/node/ptyHostMain.js:27:2123)
    at process.ce (/home/ubuntu/.vscode-server/bin/0ee08df0cf4527e40edc9aa28f4b5bd38bbff2b2/out/vs/platform/terminal/node/ptyHostMain.js:25:10117)
    at process.emit (node:events:513:28)
    at emit (node:internal/child_process:937:14)
    at process.processTicksAndRejections (node:internal/process/task_queues:83:21)
[10:33:30] Error [CodeExpectedError]: Could not find pty on pty host
    at A.U (/home/ubuntu/.vscode-server/bin/0ee08df0cf4527e40edc9aa28f4b5bd38bbff2b2/out/vs/platform/terminal/node/ptyHostMain.js:43:32377)
    at A.updateTitle (/home/ubuntu/.vscode-server/bin/0ee08df0cf4527e40edc9aa28f4b5bd38bbff2b2/out/vs/platform/terminal/node/ptyHostMain.js:43:27509)
    at T.<computed> (/home/ubuntu/.vscode-server/bin/0ee08df0cf4527e40edc9aa28f4b5bd38bbff2b2/out/vs/platform/terminal/node/ptyHostMain.js:43:22735)
    at Object.call (/home/ubuntu/.vscode-server/bin/0ee08df0cf4527e40edc9aa28f4b5bd38bbff2b2/out/vs/platform/terminal/node/ptyHostMain.js:34:5041)
    at g.s (/home/ubuntu/.vscode-server/bin/0ee08df0cf4527e40edc9aa28f4b5bd38bbff2b2/out/vs/platform/terminal/node/ptyHostMain.js:32:5153)
    at g.q (/home/ubuntu/.vscode-server/bin/0ee08df0cf4527e40edc9aa28f4b5bd38bbff2b2/out/vs/platform/terminal/node/ptyHostMain.js:32:4662)
    at a.value (/home/ubuntu/.vscode-server/bin/0ee08df0cf4527e40edc9aa28f4b5bd38bbff2b2/out/vs/platform/terminal/node/ptyHostMain.js:32:4064)
    at i.y (/home/ubuntu/.vscode-server/bin/0ee08df0cf4527e40edc9aa28f4b5bd38bbff2b2/out/vs/platform/terminal/node/ptyHostMain.js:27:1906)
    at i.fire (/home/ubuntu/.vscode-server/bin/0ee08df0cf4527e40edc9aa28f4b5bd38bbff2b2/out/vs/platform/terminal/node/ptyHostMain.js:27:2123)
    at process.ce (/home/ubuntu/.vscode-server/bin/0ee08df0cf4527e40edc9aa28f4b5bd38bbff2b2/out/vs/platform/terminal/node/ptyHostMain.js:25:10117)
    at process.emit (node:events:513:28)
    at emit (node:internal/child_process:937:14)
    at process.processTicksAndRejections (node:internal/process/task_queues:83:21)
rejected promise not handled within 1 second: CodeExpectedError: Could not find pty on pty host
stack trace: CodeExpectedError: Could not find pty on pty host
    at A.U (/home/ubuntu/.vscode-server/bin/0ee08df0cf4527e40edc9aa28f4b5bd38bbff2b2/out/vs/platform/terminal/node/ptyHostMain.js:43:32377)
    at A.updateTitle (/home/ubuntu/.vscode-server/bin/0ee08df0cf4527e40edc9aa28f4b5bd38bbff2b2/out/vs/platform/terminal/node/ptyHostMain.js:43:27509)
    at T.<computed> (/home/ubuntu/.vscode-server/bin/0ee08df0cf4527e40edc9aa28f4b5bd38bbff2b2/out/vs/platform/terminal/node/ptyHostMain.js:43:22735)
    at Object.call (/home/ubuntu/.vscode-server/bin/0ee08df0cf4527e40edc9aa28f4b5bd38bbff2b2/out/vs/platform/terminal/node/ptyHostMain.js:34:5041)
    at g.s (/home/ubuntu/.vscode-server/bin/0ee08df0cf4527e40edc9aa28f4b5bd38bbff2b2/out/vs/platform/terminal/node/ptyHostMain.js:32:5153)
    at g.q (/home/ubuntu/.vscode-server/bin/0ee08df0cf4527e40edc9aa28f4b5bd38bbff2b2/out/vs/platform/terminal/node/ptyHostMain.js:32:4662)
    at a.value (/home/ubuntu/.vscode-server/bin/0ee08df0cf4527e40edc9aa28f4b5bd38bbff2b2/out/vs/platform/terminal/node/ptyHostMain.js:32:4064)
    at i.y (/home/ubuntu/.vscode-server/bin/0ee08df0cf4527e40edc9aa28f4b5bd38bbff2b2/out/vs/platform/terminal/node/ptyHostMain.js:27:1906)
    at i.fire (/home/ubuntu/.vscode-server/bin/0ee08df0cf4527e40edc9aa28f4b5bd38bbff2b2/out/vs/platform/terminal/node/ptyHostMain.js:27:2123)
    at process.ce (/home/ubuntu/.vscode-server/bin/0ee08df0cf4527e40edc9aa28f4b5bd38bbff2b2/out/vs/platform/terminal/node/ptyHostMain.js:25:10117)
    at process.emit (node:events:513:28)
    at emit (node:internal/child_process:937:14)
    at process.processTicksAndRejections (node:internal/process/task_queues:83:21)
[10:33:31] Error [CodeExpectedError]: Could not find pty on pty host
    at A.U (/home/ubuntu/.vscode-server/bin/0ee08df0cf4527e40edc9aa28f4b5bd38bbff2b2/out/vs/platform/terminal/node/ptyHostMain.js:43:32377)
    at A.updateTitle (/home/ubuntu/.vscode-server/bin/0ee08df0cf4527e40edc9aa28f4b5bd38bbff2b2/out/vs/platform/terminal/node/ptyHostMain.js:43:27509)
    at T.<computed> (/home/ubuntu/.vscode-server/bin/0ee08df0cf4527e40edc9aa28f4b5bd38bbff2b2/out/vs/platform/terminal/node/ptyHostMain.js:43:22735)
    at Object.call (/home/ubuntu/.vscode-server/bin/0ee08df0cf4527e40edc9aa28f4b5bd38bbff2b2/out/vs/platform/terminal/node/ptyHostMain.js:34:5041)
    at g.s (/home/ubuntu/.vscode-server/bin/0ee08df0cf4527e40edc9aa28f4b5bd38bbff2b2/out/vs/platform/terminal/node/ptyHostMain.js:32:5153)
    at g.q (/home/ubuntu/.vscode-server/bin/0ee08df0cf4527e40edc9aa28f4b5bd38bbff2b2/out/vs/platform/terminal/node/ptyHostMain.js:32:4662)
    at a.value (/home/ubuntu/.vscode-server/bin/0ee08df0cf4527e40edc9aa28f4b5bd38bbff2b2/out/vs/platform/terminal/node/ptyHostMain.js:32:4064)
    at i.y (/home/ubuntu/.vscode-server/bin/0ee08df0cf4527e40edc9aa28f4b5bd38bbff2b2/out/vs/platform/terminal/node/ptyHostMain.js:27:1906)
    at i.fire (/home/ubuntu/.vscode-server/bin/0ee08df0cf4527e40edc9aa28f4b5bd38bbff2b2/out/vs/platform/terminal/node/ptyHostMain.js:27:2123)
    at process.ce (/home/ubuntu/.vscode-server/bin/0ee08df0cf4527e40edc9aa28f4b5bd38bbff2b2/out/vs/platform/terminal/node/ptyHostMain.js:25:10117)
    at process.emit (node:events:513:28)
    at emit (node:internal/child_process:937:14)
    at process.processTicksAndRejections (node:internal/process/task_queues:83:21)
rejected promise not handled within 1 second: CodeExpectedError: Could not find pty on pty host
stack trace: CodeExpectedError: Could not find pty on pty host
    at A.U (/home/ubuntu/.vscode-server/bin/0ee08df0cf4527e40edc9aa28f4b5bd38bbff2b2/out/vs/platform/terminal/node/ptyHostMain.js:43:32377)
    at A.updateTitle (/home/ubuntu/.vscode-server/bin/0ee08df0cf4527e40edc9aa28f4b5bd38bbff2b2/out/vs/platform/terminal/node/ptyHostMain.js:43:27509)
    at T.<computed> (/home/ubuntu/.vscode-server/bin/0ee08df0cf4527e40edc9aa28f4b5bd38bbff2b2/out/vs/platform/terminal/node/ptyHostMain.js:43:22735)
    at Object.call (/home/ubuntu/.vscode-server/bin/0ee08df0cf4527e40edc9aa28f4b5bd38bbff2b2/out/vs/platform/terminal/node/ptyHostMain.js:34:5041)
    at g.s (/home/ubuntu/.vscode-server/bin/0ee08df0cf4527e40edc9aa28f4b5bd38bbff2b2/out/vs/platform/terminal/node/ptyHostMain.js:32:5153)
    at g.q (/home/ubuntu/.vscode-server/bin/0ee08df0cf4527e40edc9aa28f4b5bd38bbff2b2/out/vs/platform/terminal/node/ptyHostMain.js:32:4662)
    at a.value (/home/ubuntu/.vscode-server/bin/0ee08df0cf4527e40edc9aa28f4b5bd38bbff2b2/out/vs/platform/terminal/node/ptyHostMain.js:32:4064)
    at i.y (/home/ubuntu/.vscode-server/bin/0ee08df0cf4527e40edc9aa28f4b5bd38bbff2b2/out/vs/platform/terminal/node/ptyHostMain.js:27:1906)
    at i.fire (/home/ubuntu/.vscode-server/bin/0ee08df0cf4527e40edc9aa28f4b5bd38bbff2b2/out/vs/platform/terminal/node/ptyHostMain.js:27:2123)
    at process.ce (/home/ubuntu/.vscode-server/bin/0ee08df0cf4527e40edc9aa28f4b5bd38bbff2b2/out/vs/platform/terminal/node/ptyHostMain.js:25:10117)
    at process.emit (node:events:513:28)
    at emit (node:internal/child_process:937:14)
    at process.processTicksAndRejections (node:internal/process/task_queues:83:21)
[10:33:33] Error [CodeExpectedError]: Could not find pty on pty host
    at A.U (/home/ubuntu/.vscode-server/bin/0ee08df0cf4527e40edc9aa28f4b5bd38bbff2b2/out/vs/platform/terminal/node/ptyHostMain.js:43:32377)
    at A.updateTitle (/home/ubuntu/.vscode-server/bin/0ee08df0cf4527e40edc9aa28f4b5bd38bbff2b2/out/vs/platform/terminal/node/ptyHostMain.js:43:27509)
    at T.<computed> (/home/ubuntu/.vscode-server/bin/0ee08df0cf4527e40edc9aa28f4b5bd38bbff2b2/out/vs/platform/terminal/node/ptyHostMain.js:43:22735)
    at Object.call (/home/ubuntu/.vscode-server/bin/0ee08df0cf4527e40edc9aa28f4b5bd38bbff2b2/out/vs/platform/terminal/node/ptyHostMain.js:34:5041)
    at g.s (/home/ubuntu/.vscode-server/bin/0ee08df0cf4527e40edc9aa28f4b5bd38bbff2b2/out/vs/platform/terminal/node/ptyHostMain.js:32:5153)
    at g.q (/home/ubuntu/.vscode-server/bin/0ee08df0cf4527e40edc9aa28f4b5bd38bbff2b2/out/vs/platform/terminal/node/ptyHostMain.js:32:4662)
    at a.value (/home/ubuntu/.vscode-server/bin/0ee08df0cf4527e40edc9aa28f4b5bd38bbff2b2/out/vs/platform/terminal/node/ptyHostMain.js:32:4064)
    at i.y (/home/ubuntu/.vscode-server/bin/0ee08df0cf4527e40edc9aa28f4b5bd38bbff2b2/out/vs/platform/terminal/node/ptyHostMain.js:27:1906)
    at i.fire (/home/ubuntu/.vscode-server/bin/0ee08df0cf4527e40edc9aa28f4b5bd38bbff2b2/out/vs/platform/terminal/node/ptyHostMain.js:27:2123)
    at process.ce (/home/ubuntu/.vscode-server/bin/0ee08df0cf4527e40edc9aa28f4b5bd38bbff2b2/out/vs/platform/terminal/node/ptyHostMain.js:25:10117)
    at process.emit (node:events:513:28)
    at emit (node:internal/child_process:937:14)
    at process.processTicksAndRejections (node:internal/process/task_queues:83:21)
[10:34:13] [127.0.0.1][03f75ac0][ManagementConnection] The client has disconnected gracefully, so the connection will be disposed.
[10:34:13] [127.0.0.1][00f1cbc6][ExtensionHostConnection] <1598> Extension Host Process exited with code: 0, signal: null.
Cancelling previous shutdown timeout
[10:34:13] Cancelling previous shutdown timeout
Last EH closed, waiting before shutting down
[10:34:13] Last EH closed, waiting before shutting down
Got delay-shutdown request while in shutdown timeout, delaying
[10:34:20] Got delay-shutdown request while in shutdown timeout, delaying
Cancelling previous shutdown timeout
[10:34:20] Cancelling previous shutdown timeout
[10:34:21] [127.0.0.1][98e30b49][ManagementConnection] New connection established.
[10:34:21] [127.0.0.1][a0e18915][ExtensionHostConnection] New connection established.
[10:34:21] [127.0.0.1][a0e18915][ExtensionHostConnection] <2376> Launched Extension Host Process.
rejected promise not handled within 1 second: CodeExpectedError: Could not find pty on pty host
stack trace: CodeExpectedError: Could not find pty on pty host
    at A.U (/home/ubuntu/.vscode-server/bin/0ee08df0cf4527e40edc9aa28f4b5bd38bbff2b2/out/vs/platform/terminal/node/ptyHostMain.js:43:32377)
    at A.updateTitle (/home/ubuntu/.vscode-server/bin/0ee08df0cf4527e40edc9aa28f4b5bd38bbff2b2/out/vs/platform/terminal/node/ptyHostMain.js:43:27509)
    at T.<computed> (/home/ubuntu/.vscode-server/bin/0ee08df0cf4527e40edc9aa28f4b5bd38bbff2b2/out/vs/platform/terminal/node/ptyHostMain.js:43:22735)
    at Object.call (/home/ubuntu/.vscode-server/bin/0ee08df0cf4527e40edc9aa28f4b5bd38bbff2b2/out/vs/platform/terminal/node/ptyHostMain.js:34:5041)
    at g.s (/home/ubuntu/.vscode-server/bin/0ee08df0cf4527e40edc9aa28f4b5bd38bbff2b2/out/vs/platform/terminal/node/ptyHostMain.js:32:5153)
    at g.q (/home/ubuntu/.vscode-server/bin/0ee08df0cf4527e40edc9aa28f4b5bd38bbff2b2/out/vs/platform/terminal/node/ptyHostMain.js:32:4662)
    at a.value (/home/ubuntu/.vscode-server/bin/0ee08df0cf4527e40edc9aa28f4b5bd38bbff2b2/out/vs/platform/terminal/node/ptyHostMain.js:32:4064)
    at i.y (/home/ubuntu/.vscode-server/bin/0ee08df0cf4527e40edc9aa28f4b5bd38bbff2b2/out/vs/platform/terminal/node/ptyHostMain.js:27:1906)
    at i.fire (/home/ubuntu/.vscode-server/bin/0ee08df0cf4527e40edc9aa28f4b5bd38bbff2b2/out/vs/platform/terminal/node/ptyHostMain.js:27:2123)
    at process.ce (/home/ubuntu/.vscode-server/bin/0ee08df0cf4527e40edc9aa28f4b5bd38bbff2b2/out/vs/platform/terminal/node/ptyHostMain.js:25:10117)
    at process.emit (node:events:513:28)
    at emit (node:internal/child_process:937:14)
    at process.processTicksAndRejections (node:internal/process/task_queues:83:21)
[10:34:24] Error [CodeExpectedError]: Could not find pty on pty host
    at A.U (/home/ubuntu/.vscode-server/bin/0ee08df0cf4527e40edc9aa28f4b5bd38bbff2b2/out/vs/platform/terminal/node/ptyHostMain.js:43:32377)
    at A.updateTitle (/home/ubuntu/.vscode-server/bin/0ee08df0cf4527e40edc9aa28f4b5bd38bbff2b2/out/vs/platform/terminal/node/ptyHostMain.js:43:27509)
    at T.<computed> (/home/ubuntu/.vscode-server/bin/0ee08df0cf4527e40edc9aa28f4b5bd38bbff2b2/out/vs/platform/terminal/node/ptyHostMain.js:43:22735)
    at Object.call (/home/ubuntu/.vscode-server/bin/0ee08df0cf4527e40edc9aa28f4b5bd38bbff2b2/out/vs/platform/terminal/node/ptyHostMain.js:34:5041)
    at g.s (/home/ubuntu/.vscode-server/bin/0ee08df0cf4527e40edc9aa28f4b5bd38bbff2b2/out/vs/platform/terminal/node/ptyHostMain.js:32:5153)
    at g.q (/home/ubuntu/.vscode-server/bin/0ee08df0cf4527e40edc9aa28f4b5bd38bbff2b2/out/vs/platform/terminal/node/ptyHostMain.js:32:4662)
    at a.value (/home/ubuntu/.vscode-server/bin/0ee08df0cf4527e40edc9aa28f4b5bd38bbff2b2/out/vs/platform/terminal/node/ptyHostMain.js:32:4064)
    at i.y (/home/ubuntu/.vscode-server/bin/0ee08df0cf4527e40edc9aa28f4b5bd38bbff2b2/out/vs/platform/terminal/node/ptyHostMain.js:27:1906)
    at i.fire (/home/ubuntu/.vscode-server/bin/0ee08df0cf4527e40edc9aa28f4b5bd38bbff2b2/out/vs/platform/terminal/node/ptyHostMain.js:27:2123)
    at process.ce (/home/ubuntu/.vscode-server/bin/0ee08df0cf4527e40edc9aa28f4b5bd38bbff2b2/out/vs/platform/terminal/node/ptyHostMain.js:25:10117)
    at process.emit (node:events:513:28)
    at emit (node:internal/child_process:937:14)
    at process.processTicksAndRejections (node:internal/process/task_queues:83:21)
rejected promise not handled within 1 second: CodeExpectedError: Could not find pty on pty host
stack trace: CodeExpectedError: Could not find pty on pty host
    at A.U (/home/ubuntu/.vscode-server/bin/0ee08df0cf4527e40edc9aa28f4b5bd38bbff2b2/out/vs/platform/terminal/node/ptyHostMain.js:43:32377)
    at A.updateTitle (/home/ubuntu/.vscode-server/bin/0ee08df0cf4527e40edc9aa28f4b5bd38bbff2b2/out/vs/platform/terminal/node/ptyHostMain.js:43:27509)
    at T.<computed> (/home/ubuntu/.vscode-server/bin/0ee08df0cf4527e40edc9aa28f4b5bd38bbff2b2/out/vs/platform/terminal/node/ptyHostMain.js:43:22735)
    at Object.call (/home/ubuntu/.vscode-server/bin/0ee08df0cf4527e40edc9aa28f4b5bd38bbff2b2/out/vs/platform/terminal/node/ptyHostMain.js:34:5041)
    at g.s (/home/ubuntu/.vscode-server/bin/0ee08df0cf4527e40edc9aa28f4b5bd38bbff2b2/out/vs/platform/terminal/node/ptyHostMain.js:32:5153)
    at g.q (/home/ubuntu/.vscode-server/bin/0ee08df0cf4527e40edc9aa28f4b5bd38bbff2b2/out/vs/platform/terminal/node/ptyHostMain.js:32:4662)
    at a.value (/home/ubuntu/.vscode-server/bin/0ee08df0cf4527e40edc9aa28f4b5bd38bbff2b2/out/vs/platform/terminal/node/ptyHostMain.js:32:4064)
    at i.y (/home/ubuntu/.vscode-server/bin/0ee08df0cf4527e40edc9aa28f4b5bd38bbff2b2/out/vs/platform/terminal/node/ptyHostMain.js:27:1906)
    at i.fire (/home/ubuntu/.vscode-server/bin/0ee08df0cf4527e40edc9aa28f4b5bd38bbff2b2/out/vs/platform/terminal/node/ptyHostMain.js:27:2123)
    at process.ce (/home/ubuntu/.vscode-server/bin/0ee08df0cf4527e40edc9aa28f4b5bd38bbff2b2/out/vs/platform/terminal/node/ptyHostMain.js:25:10117)
    at process.emit (node:events:513:28)
    at emit (node:internal/child_process:937:14)
    at process.processTicksAndRejections (node:internal/process/task_queues:83:21)
[10:34:26] Error [CodeExpectedError]: Could not find pty on pty host
    at A.U (/home/ubuntu/.vscode-server/bin/0ee08df0cf4527e40edc9aa28f4b5bd38bbff2b2/out/vs/platform/terminal/node/ptyHostMain.js:43:32377)
    at A.updateTitle (/home/ubuntu/.vscode-server/bin/0ee08df0cf4527e40edc9aa28f4b5bd38bbff2b2/out/vs/platform/terminal/node/ptyHostMain.js:43:27509)
    at T.<computed> (/home/ubuntu/.vscode-server/bin/0ee08df0cf4527e40edc9aa28f4b5bd38bbff2b2/out/vs/platform/terminal/node/ptyHostMain.js:43:22735)
    at Object.call (/home/ubuntu/.vscode-server/bin/0ee08df0cf4527e40edc9aa28f4b5bd38bbff2b2/out/vs/platform/terminal/node/ptyHostMain.js:34:5041)
    at g.s (/home/ubuntu/.vscode-server/bin/0ee08df0cf4527e40edc9aa28f4b5bd38bbff2b2/out/vs/platform/terminal/node/ptyHostMain.js:32:5153)
    at g.q (/home/ubuntu/.vscode-server/bin/0ee08df0cf4527e40edc9aa28f4b5bd38bbff2b2/out/vs/platform/terminal/node/ptyHostMain.js:32:4662)
    at a.value (/home/ubuntu/.vscode-server/bin/0ee08df0cf4527e40edc9aa28f4b5bd38bbff2b2/out/vs/platform/terminal/node/ptyHostMain.js:32:4064)
    at i.y (/home/ubuntu/.vscode-server/bin/0ee08df0cf4527e40edc9aa28f4b5bd38bbff2b2/out/vs/platform/terminal/node/ptyHostMain.js:27:1906)
    at i.fire (/home/ubuntu/.vscode-server/bin/0ee08df0cf4527e40edc9aa28f4b5bd38bbff2b2/out/vs/platform/terminal/node/ptyHostMain.js:27:2123)
    at process.ce (/home/ubuntu/.vscode-server/bin/0ee08df0cf4527e40edc9aa28f4b5bd38bbff2b2/out/vs/platform/terminal/node/ptyHostMain.js:25:10117)
    at process.emit (node:events:513:28)
    at emit (node:internal/child_process:937:14)
    at process.processTicksAndRejections (node:internal/process/task_queues:83:21)
rejected promise not handled within 1 second: CodeExpectedError: Could not find pty on pty host
stack trace: CodeExpectedError: Could not find pty on pty host
    at A.U (/home/ubuntu/.vscode-server/bin/0ee08df0cf4527e40edc9aa28f4b5bd38bbff2b2/out/vs/platform/terminal/node/ptyHostMain.js:43:32377)
    at A.updateIcon (/home/ubuntu/.vscode-server/bin/0ee08df0cf4527e40edc9aa28f4b5bd38bbff2b2/out/vs/platform/terminal/node/ptyHostMain.js:43:27562)
    at T.<computed> (/home/ubuntu/.vscode-server/bin/0ee08df0cf4527e40edc9aa28f4b5bd38bbff2b2/out/vs/platform/terminal/node/ptyHostMain.js:43:22735)
    at Object.call (/home/ubuntu/.vscode-server/bin/0ee08df0cf4527e40edc9aa28f4b5bd38bbff2b2/out/vs/platform/terminal/node/ptyHostMain.js:34:5041)
    at g.s (/home/ubuntu/.vscode-server/bin/0ee08df0cf4527e40edc9aa28f4b5bd38bbff2b2/out/vs/platform/terminal/node/ptyHostMain.js:32:5153)
    at g.q (/home/ubuntu/.vscode-server/bin/0ee08df0cf4527e40edc9aa28f4b5bd38bbff2b2/out/vs/platform/terminal/node/ptyHostMain.js:32:4662)
    at a.value (/home/ubuntu/.vscode-server/bin/0ee08df0cf4527e40edc9aa28f4b5bd38bbff2b2/out/vs/platform/terminal/node/ptyHostMain.js:32:4064)
    at i.y (/home/ubuntu/.vscode-server/bin/0ee08df0cf4527e40edc9aa28f4b5bd38bbff2b2/out/vs/platform/terminal/node/ptyHostMain.js:27:1906)
    at i.fire (/home/ubuntu/.vscode-server/bin/0ee08df0cf4527e40edc9aa28f4b5bd38bbff2b2/out/vs/platform/terminal/node/ptyHostMain.js:27:2123)
    at process.ce (/home/ubuntu/.vscode-server/bin/0ee08df0cf4527e40edc9aa28f4b5bd38bbff2b2/out/vs/platform/terminal/node/ptyHostMain.js:25:10117)
    at process.emit (node:events:513:28)
    at emit (node:internal/child_process:937:14)
    at process.processTicksAndRejections (node:internal/process/task_queues:83:21)
[10:34:27] Error [CodeExpectedError]: Could not find pty on pty host
    at A.U (/home/ubuntu/.vscode-server/bin/0ee08df0cf4527e40edc9aa28f4b5bd38bbff2b2/out/vs/platform/terminal/node/ptyHostMain.js:43:32377)
    at A.updateIcon (/home/ubuntu/.vscode-server/bin/0ee08df0cf4527e40edc9aa28f4b5bd38bbff2b2/out/vs/platform/terminal/node/ptyHostMain.js:43:27562)
    at T.<computed> (/home/ubuntu/.vscode-server/bin/0ee08df0cf4527e40edc9aa28f4b5bd38bbff2b2/out/vs/platform/terminal/node/ptyHostMain.js:43:22735)
    at Object.call (/home/ubuntu/.vscode-server/bin/0ee08df0cf4527e40edc9aa28f4b5bd38bbff2b2/out/vs/platform/terminal/node/ptyHostMain.js:34:5041)
    at g.s (/home/ubuntu/.vscode-server/bin/0ee08df0cf4527e40edc9aa28f4b5bd38bbff2b2/out/vs/platform/terminal/node/ptyHostMain.js:32:5153)
    at g.q (/home/ubuntu/.vscode-server/bin/0ee08df0cf4527e40edc9aa28f4b5bd38bbff2b2/out/vs/platform/terminal/node/ptyHostMain.js:32:4662)
    at a.value (/home/ubuntu/.vscode-server/bin/0ee08df0cf4527e40edc9aa28f4b5bd38bbff2b2/out/vs/platform/terminal/node/ptyHostMain.js:32:4064)
    at i.y (/home/ubuntu/.vscode-server/bin/0ee08df0cf4527e40edc9aa28f4b5bd38bbff2b2/out/vs/platform/terminal/node/ptyHostMain.js:27:1906)
    at i.fire (/home/ubuntu/.vscode-server/bin/0ee08df0cf4527e40edc9aa28f4b5bd38bbff2b2/out/vs/platform/terminal/node/ptyHostMain.js:27:2123)
    at process.ce (/home/ubuntu/.vscode-server/bin/0ee08df0cf4527e40edc9aa28f4b5bd38bbff2b2/out/vs/platform/terminal/node/ptyHostMain.js:25:10117)
    at process.emit (node:events:513:28)
    at emit (node:internal/child_process:937:14)
    at process.processTicksAndRejections (node:internal/process/task_queues:83:21)
rejected promise not handled within 1 second: CodeExpectedError: Could not find pty on pty host
stack trace: CodeExpectedError: Could not find pty on pty host
    at A.U (/home/ubuntu/.vscode-server/bin/0ee08df0cf4527e40edc9aa28f4b5bd38bbff2b2/out/vs/platform/terminal/node/ptyHostMain.js:43:32377)
    at A.updateTitle (/home/ubuntu/.vscode-server/bin/0ee08df0cf4527e40edc9aa28f4b5bd38bbff2b2/out/vs/platform/terminal/node/ptyHostMain.js:43:27509)
    at T.<computed> (/home/ubuntu/.vscode-server/bin/0ee08df0cf4527e40edc9aa28f4b5bd38bbff2b2/out/vs/platform/terminal/node/ptyHostMain.js:43:22735)
    at Object.call (/home/ubuntu/.vscode-server/bin/0ee08df0cf4527e40edc9aa28f4b5bd38bbff2b2/out/vs/platform/terminal/node/ptyHostMain.js:34:5041)
    at g.s (/home/ubuntu/.vscode-server/bin/0ee08df0cf4527e40edc9aa28f4b5bd38bbff2b2/out/vs/platform/terminal/node/ptyHostMain.js:32:5153)
    at g.q (/home/ubuntu/.vscode-server/bin/0ee08df0cf4527e40edc9aa28f4b5bd38bbff2b2/out/vs/platform/terminal/node/ptyHostMain.js:32:4662)
    at a.value (/home/ubuntu/.vscode-server/bin/0ee08df0cf4527e40edc9aa28f4b5bd38bbff2b2/out/vs/platform/terminal/node/ptyHostMain.js:32:4064)
    at i.y (/home/ubuntu/.vscode-server/bin/0ee08df0cf4527e40edc9aa28f4b5bd38bbff2b2/out/vs/platform/terminal/node/ptyHostMain.js:27:1906)
    at i.fire (/home/ubuntu/.vscode-server/bin/0ee08df0cf4527e40edc9aa28f4b5bd38bbff2b2/out/vs/platform/terminal/node/ptyHostMain.js:27:2123)
    at process.ce (/home/ubuntu/.vscode-server/bin/0ee08df0cf4527e40edc9aa28f4b5bd38bbff2b2/out/vs/platform/terminal/node/ptyHostMain.js:25:10117)
    at process.emit (node:events:513:28)
    at emit (node:internal/child_process:937:14)
    at process.processTicksAndRejections (node:internal/process/task_queues:83:21)
[10:34:27] Error [CodeExpectedError]: Could not find pty on pty host
    at A.U (/home/ubuntu/.vscode-server/bin/0ee08df0cf4527e40edc9aa28f4b5bd38bbff2b2/out/vs/platform/terminal/node/ptyHostMain.js:43:32377)
    at A.updateTitle (/home/ubuntu/.vscode-server/bin/0ee08df0cf4527e40edc9aa28f4b5bd38bbff2b2/out/vs/platform/terminal/node/ptyHostMain.js:43:27509)
    at T.<computed> (/home/ubuntu/.vscode-server/bin/0ee08df0cf4527e40edc9aa28f4b5bd38bbff2b2/out/vs/platform/terminal/node/ptyHostMain.js:43:22735)
    at Object.call (/home/ubuntu/.vscode-server/bin/0ee08df0cf4527e40edc9aa28f4b5bd38bbff2b2/out/vs/platform/terminal/node/ptyHostMain.js:34:5041)
    at g.s (/home/ubuntu/.vscode-server/bin/0ee08df0cf4527e40edc9aa28f4b5bd38bbff2b2/out/vs/platform/terminal/node/ptyHostMain.js:32:5153)
    at g.q (/home/ubuntu/.vscode-server/bin/0ee08df0cf4527e40edc9aa28f4b5bd38bbff2b2/out/vs/platform/terminal/node/ptyHostMain.js:32:4662)
    at a.value (/home/ubuntu/.vscode-server/bin/0ee08df0cf4527e40edc9aa28f4b5bd38bbff2b2/out/vs/platform/terminal/node/ptyHostMain.js:32:4064)
    at i.y (/home/ubuntu/.vscode-server/bin/0ee08df0cf4527e40edc9aa28f4b5bd38bbff2b2/out/vs/platform/terminal/node/ptyHostMain.js:27:1906)
    at i.fire (/home/ubuntu/.vscode-server/bin/0ee08df0cf4527e40edc9aa28f4b5bd38bbff2b2/out/vs/platform/terminal/node/ptyHostMain.js:27:2123)
    at process.ce (/home/ubuntu/.vscode-server/bin/0ee08df0cf4527e40edc9aa28f4b5bd38bbff2b2/out/vs/platform/terminal/node/ptyHostMain.js:25:10117)
    at process.emit (node:events:513:28)
    at emit (node:internal/child_process:937:14)
    at process.processTicksAndRejections (node:internal/process/task_queues:83:21)
rejected promise not handled within 1 second: CodeExpectedError: Could not find pty on pty host
stack trace: CodeExpectedError: Could not find pty on pty host
    at A.U (/home/ubuntu/.vscode-server/bin/0ee08df0cf4527e40edc9aa28f4b5bd38bbff2b2/out/vs/platform/terminal/node/ptyHostMain.js:43:32377)
    at A.updateTitle (/home/ubuntu/.vscode-server/bin/0ee08df0cf4527e40edc9aa28f4b5bd38bbff2b2/out/vs/platform/terminal/node/ptyHostMain.js:43:27509)
    at T.<computed> (/home/ubuntu/.vscode-server/bin/0ee08df0cf4527e40edc9aa28f4b5bd38bbff2b2/out/vs/platform/terminal/node/ptyHostMain.js:43:22735)
    at Object.call (/home/ubuntu/.vscode-server/bin/0ee08df0cf4527e40edc9aa28f4b5bd38bbff2b2/out/vs/platform/terminal/node/ptyHostMain.js:34:5041)
    at g.s (/home/ubuntu/.vscode-server/bin/0ee08df0cf4527e40edc9aa28f4b5bd38bbff2b2/out/vs/platform/terminal/node/ptyHostMain.js:32:5153)
    at g.q (/home/ubuntu/.vscode-server/bin/0ee08df0cf4527e40edc9aa28f4b5bd38bbff2b2/out/vs/platform/terminal/node/ptyHostMain.js:32:4662)
    at a.value (/home/ubuntu/.vscode-server/bin/0ee08df0cf4527e40edc9aa28f4b5bd38bbff2b2/out/vs/platform/terminal/node/ptyHostMain.js:32:4064)
    at i.y (/home/ubuntu/.vscode-server/bin/0ee08df0cf4527e40edc9aa28f4b5bd38bbff2b2/out/vs/platform/terminal/node/ptyHostMain.js:27:1906)
    at i.fire (/home/ubuntu/.vscode-server/bin/0ee08df0cf4527e40edc9aa28f4b5bd38bbff2b2/out/vs/platform/terminal/node/ptyHostMain.js:27:2123)
    at process.ce (/home/ubuntu/.vscode-server/bin/0ee08df0cf4527e40edc9aa28f4b5bd38bbff2b2/out/vs/platform/terminal/node/ptyHostMain.js:25:10117)
    at process.emit (node:events:513:28)
    at emit (node:internal/child_process:937:14)
    at process.processTicksAndRejections (node:internal/process/task_queues:83:21)
[10:34:28] Error [CodeExpectedError]: Could not find pty on pty host
    at A.U (/home/ubuntu/.vscode-server/bin/0ee08df0cf4527e40edc9aa28f4b5bd38bbff2b2/out/vs/platform/terminal/node/ptyHostMain.js:43:32377)
    at A.updateTitle (/home/ubuntu/.vscode-server/bin/0ee08df0cf4527e40edc9aa28f4b5bd38bbff2b2/out/vs/platform/terminal/node/ptyHostMain.js:43:27509)
    at T.<computed> (/home/ubuntu/.vscode-server/bin/0ee08df0cf4527e40edc9aa28f4b5bd38bbff2b2/out/vs/platform/terminal/node/ptyHostMain.js:43:22735)
    at Object.call (/home/ubuntu/.vscode-server/bin/0ee08df0cf4527e40edc9aa28f4b5bd38bbff2b2/out/vs/platform/terminal/node/ptyHostMain.js:34:5041)
    at g.s (/home/ubuntu/.vscode-server/bin/0ee08df0cf4527e40edc9aa28f4b5bd38bbff2b2/out/vs/platform/terminal/node/ptyHostMain.js:32:5153)
    at g.q (/home/ubuntu/.vscode-server/bin/0ee08df0cf4527e40edc9aa28f4b5bd38bbff2b2/out/vs/platform/terminal/node/ptyHostMain.js:32:4662)
    at a.value (/home/ubuntu/.vscode-server/bin/0ee08df0cf4527e40edc9aa28f4b5bd38bbff2b2/out/vs/platform/terminal/node/ptyHostMain.js:32:4064)
    at i.y (/home/ubuntu/.vscode-server/bin/0ee08df0cf4527e40edc9aa28f4b5bd38bbff2b2/out/vs/platform/terminal/node/ptyHostMain.js:27:1906)
    at i.fire (/home/ubuntu/.vscode-server/bin/0ee08df0cf4527e40edc9aa28f4b5bd38bbff2b2/out/vs/platform/terminal/node/ptyHostMain.js:27:2123)
    at process.ce (/home/ubuntu/.vscode-server/bin/0ee08df0cf4527e40edc9aa28f4b5bd38bbff2b2/out/vs/platform/terminal/node/ptyHostMain.js:25:10117)
    at process.emit (node:events:513:28)
    at emit (node:internal/child_process:937:14)
    at process.processTicksAndRejections (node:internal/process/task_queues:83:21)
rejected promise not handled within 1 second: CodeExpectedError: Could not find pty on pty host
stack trace: CodeExpectedError: Could not find pty on pty host
    at A.U (/home/ubuntu/.vscode-server/bin/0ee08df0cf4527e40edc9aa28f4b5bd38bbff2b2/out/vs/platform/terminal/node/ptyHostMain.js:43:32377)
    at A.updateTitle (/home/ubuntu/.vscode-server/bin/0ee08df0cf4527e40edc9aa28f4b5bd38bbff2b2/out/vs/platform/terminal/node/ptyHostMain.js:43:27509)
    at T.<computed> (/home/ubuntu/.vscode-server/bin/0ee08df0cf4527e40edc9aa28f4b5bd38bbff2b2/out/vs/platform/terminal/node/ptyHostMain.js:43:22735)
    at Object.call (/home/ubuntu/.vscode-server/bin/0ee08df0cf4527e40edc9aa28f4b5bd38bbff2b2/out/vs/platform/terminal/node/ptyHostMain.js:34:5041)
    at g.s (/home/ubuntu/.vscode-server/bin/0ee08df0cf4527e40edc9aa28f4b5bd38bbff2b2/out/vs/platform/terminal/node/ptyHostMain.js:32:5153)
    at g.q (/home/ubuntu/.vscode-server/bin/0ee08df0cf4527e40edc9aa28f4b5bd38bbff2b2/out/vs/platform/terminal/node/ptyHostMain.js:32:4662)
    at a.value (/home/ubuntu/.vscode-server/bin/0ee08df0cf4527e40edc9aa28f4b5bd38bbff2b2/out/vs/platform/terminal/node/ptyHostMain.js:32:4064)
    at i.y (/home/ubuntu/.vscode-server/bin/0ee08df0cf4527e40edc9aa28f4b5bd38bbff2b2/out/vs/platform/terminal/node/ptyHostMain.js:27:1906)
    at i.fire (/home/ubuntu/.vscode-server/bin/0ee08df0cf4527e40edc9aa28f4b5bd38bbff2b2/out/vs/platform/terminal/node/ptyHostMain.js:27:2123)
    at process.ce (/home/ubuntu/.vscode-server/bin/0ee08df0cf4527e40edc9aa28f4b5bd38bbff2b2/out/vs/platform/terminal/node/ptyHostMain.js:25:10117)
    at process.emit (node:events:513:28)
    at emit (node:internal/child_process:937:14)
    at process.processTicksAndRejections (node:internal/process/task_queues:83:21)
[10:34:30] Error [CodeExpectedError]: Could not find pty on pty host
    at A.U (/home/ubuntu/.vscode-server/bin/0ee08df0cf4527e40edc9aa28f4b5bd38bbff2b2/out/vs/platform/terminal/node/ptyHostMain.js:43:32377)
    at A.updateTitle (/home/ubuntu/.vscode-server/bin/0ee08df0cf4527e40edc9aa28f4b5bd38bbff2b2/out/vs/platform/terminal/node/ptyHostMain.js:43:27509)
    at T.<computed> (/home/ubuntu/.vscode-server/bin/0ee08df0cf4527e40edc9aa28f4b5bd38bbff2b2/out/vs/platform/terminal/node/ptyHostMain.js:43:22735)
    at Object.call (/home/ubuntu/.vscode-server/bin/0ee08df0cf4527e40edc9aa28f4b5bd38bbff2b2/out/vs/platform/terminal/node/ptyHostMain.js:34:5041)
    at g.s (/home/ubuntu/.vscode-server/bin/0ee08df0cf4527e40edc9aa28f4b5bd38bbff2b2/out/vs/platform/terminal/node/ptyHostMain.js:32:5153)
    at g.q (/home/ubuntu/.vscode-server/bin/0ee08df0cf4527e40edc9aa28f4b5bd38bbff2b2/out/vs/platform/terminal/node/ptyHostMain.js:32:4662)
    at a.value (/home/ubuntu/.vscode-server/bin/0ee08df0cf4527e40edc9aa28f4b5bd38bbff2b2/out/vs/platform/terminal/node/ptyHostMain.js:32:4064)
    at i.y (/home/ubuntu/.vscode-server/bin/0ee08df0cf4527e40edc9aa28f4b5bd38bbff2b2/out/vs/platform/terminal/node/ptyHostMain.js:27:1906)
    at i.fire (/home/ubuntu/.vscode-server/bin/0ee08df0cf4527e40edc9aa28f4b5bd38bbff2b2/out/vs/platform/terminal/node/ptyHostMain.js:27:2123)
    at process.ce (/home/ubuntu/.vscode-server/bin/0ee08df0cf4527e40edc9aa28f4b5bd38bbff2b2/out/vs/platform/terminal/node/ptyHostMain.js:25:10117)
    at process.emit (node:events:513:28)
    at emit (node:internal/child_process:937:14)
    at process.processTicksAndRejections (node:internal/process/task_queues:83:21)
New EH opened, aborting shutdown
[10:39:20] New EH opened, aborting shutdown
[11:23:00] Getting Manifest... ms-azuretools.vscode-docker
[11:23:01] Installing extension: ms-azuretools.vscode-docker
[11:23:02] Extension signature verification failed with error 'ENOENT': ms-azuretools.vscode-docker
[11:23:03] Extracted extension to file:///home/ubuntu/.vscode-server/extensions/ms-azuretools.vscode-docker-1.28.0: ms-azuretools.vscode-docker
[11:23:03] Renamed to /home/ubuntu/.vscode-server/extensions/ms-azuretools.vscode-docker-1.28.0
[11:23:03] Extracting extension completed. ms-azuretools.vscode-docker
[11:23:03] Extension installed successfully: ms-azuretools.vscode-docker
[11:25:23] [127.0.0.1][98e30b49][ManagementConnection] The client has disconnected gracefully, so the connection will be disposed.
[11:25:23] [127.0.0.1][a0e18915][ExtensionHostConnection] <2376> Extension Host Process exited with code: 0, signal: null.
Last EH closed, waiting before shutting down
[11:25:23] Last EH closed, waiting before shutting down
Got delay-shutdown request while in shutdown timeout, delaying
[11:25:33] Got delay-shutdown request while in shutdown timeout, delaying
Cancelling previous shutdown timeout
[11:25:33] Cancelling previous shutdown timeout
[11:25:33] [127.0.0.1][46ad1a7b][ManagementConnection] New connection established.
[11:25:33] [127.0.0.1][8bc8df33][ExtensionHostConnection] New connection established.
[11:25:33] [127.0.0.1][8bc8df33][ExtensionHostConnection] <29935> Launched Extension Host Process.
rejected promise not handled within 1 second: CodeExpectedError: Could not find pty on pty host
stack trace: CodeExpectedError: Could not find pty on pty host
    at A.U (/home/ubuntu/.vscode-server/bin/0ee08df0cf4527e40edc9aa28f4b5bd38bbff2b2/out/vs/platform/terminal/node/ptyHostMain.js:43:32377)
    at A.updateTitle (/home/ubuntu/.vscode-server/bin/0ee08df0cf4527e40edc9aa28f4b5bd38bbff2b2/out/vs/platform/terminal/node/ptyHostMain.js:43:27509)
    at T.<computed> (/home/ubuntu/.vscode-server/bin/0ee08df0cf4527e40edc9aa28f4b5bd38bbff2b2/out/vs/platform/terminal/node/ptyHostMain.js:43:22735)
    at Object.call (/home/ubuntu/.vscode-server/bin/0ee08df0cf4527e40edc9aa28f4b5bd38bbff2b2/out/vs/platform/terminal/node/ptyHostMain.js:34:5041)
    at g.s (/home/ubuntu/.vscode-server/bin/0ee08df0cf4527e40edc9aa28f4b5bd38bbff2b2/out/vs/platform/terminal/node/ptyHostMain.js:32:5153)
    at g.q (/home/ubuntu/.vscode-server/bin/0ee08df0cf4527e40edc9aa28f4b5bd38bbff2b2/out/vs/platform/terminal/node/ptyHostMain.js:32:4662)
    at a.value (/home/ubuntu/.vscode-server/bin/0ee08df0cf4527e40edc9aa28f4b5bd38bbff2b2/out/vs/platform/terminal/node/ptyHostMain.js:32:4064)
    at i.y (/home/ubuntu/.vscode-server/bin/0ee08df0cf4527e40edc9aa28f4b5bd38bbff2b2/out/vs/platform/terminal/node/ptyHostMain.js:27:1906)
    at i.fire (/home/ubuntu/.vscode-server/bin/0ee08df0cf4527e40edc9aa28f4b5bd38bbff2b2/out/vs/platform/terminal/node/ptyHostMain.js:27:2123)
    at process.ce (/home/ubuntu/.vscode-server/bin/0ee08df0cf4527e40edc9aa28f4b5bd38bbff2b2/out/vs/platform/terminal/node/ptyHostMain.js:25:10117)
    at process.emit (node:events:513:28)
    at emit (node:internal/child_process:937:14)
    at process.processTicksAndRejections (node:internal/process/task_queues:83:21)
[11:25:37] Error [CodeExpectedError]: Could not find pty on pty host
    at A.U (/home/ubuntu/.vscode-server/bin/0ee08df0cf4527e40edc9aa28f4b5bd38bbff2b2/out/vs/platform/terminal/node/ptyHostMain.js:43:32377)
    at A.updateTitle (/home/ubuntu/.vscode-server/bin/0ee08df0cf4527e40edc9aa28f4b5bd38bbff2b2/out/vs/platform/terminal/node/ptyHostMain.js:43:27509)
    at T.<computed> (/home/ubuntu/.vscode-server/bin/0ee08df0cf4527e40edc9aa28f4b5bd38bbff2b2/out/vs/platform/terminal/node/ptyHostMain.js:43:22735)
    at Object.call (/home/ubuntu/.vscode-server/bin/0ee08df0cf4527e40edc9aa28f4b5bd38bbff2b2/out/vs/platform/terminal/node/ptyHostMain.js:34:5041)
    at g.s (/home/ubuntu/.vscode-server/bin/0ee08df0cf4527e40edc9aa28f4b5bd38bbff2b2/out/vs/platform/terminal/node/ptyHostMain.js:32:5153)
    at g.q (/home/ubuntu/.vscode-server/bin/0ee08df0cf4527e40edc9aa28f4b5bd38bbff2b2/out/vs/platform/terminal/node/ptyHostMain.js:32:4662)
    at a.value (/home/ubuntu/.vscode-server/bin/0ee08df0cf4527e40edc9aa28f4b5bd38bbff2b2/out/vs/platform/terminal/node/ptyHostMain.js:32:4064)
    at i.y (/home/ubuntu/.vscode-server/bin/0ee08df0cf4527e40edc9aa28f4b5bd38bbff2b2/out/vs/platform/terminal/node/ptyHostMain.js:27:1906)
    at i.fire (/home/ubuntu/.vscode-server/bin/0ee08df0cf4527e40edc9aa28f4b5bd38bbff2b2/out/vs/platform/terminal/node/ptyHostMain.js:27:2123)
    at process.ce (/home/ubuntu/.vscode-server/bin/0ee08df0cf4527e40edc9aa28f4b5bd38bbff2b2/out/vs/platform/terminal/node/ptyHostMain.js:25:10117)
    at process.emit (node:events:513:28)
    at emit (node:internal/child_process:937:14)
    at process.processTicksAndRejections (node:internal/process/task_queues:83:21)
rejected promise not handled within 1 second: CodeExpectedError: Could not find pty on pty host
stack trace: CodeExpectedError: Could not find pty on pty host
    at A.U (/home/ubuntu/.vscode-server/bin/0ee08df0cf4527e40edc9aa28f4b5bd38bbff2b2/out/vs/platform/terminal/node/ptyHostMain.js:43:32377)
    at A.updateIcon (/home/ubuntu/.vscode-server/bin/0ee08df0cf4527e40edc9aa28f4b5bd38bbff2b2/out/vs/platform/terminal/node/ptyHostMain.js:43:27562)
    at T.<computed> (/home/ubuntu/.vscode-server/bin/0ee08df0cf4527e40edc9aa28f4b5bd38bbff2b2/out/vs/platform/terminal/node/ptyHostMain.js:43:22735)
    at Object.call (/home/ubuntu/.vscode-server/bin/0ee08df0cf4527e40edc9aa28f4b5bd38bbff2b2/out/vs/platform/terminal/node/ptyHostMain.js:34:5041)
    at g.s (/home/ubuntu/.vscode-server/bin/0ee08df0cf4527e40edc9aa28f4b5bd38bbff2b2/out/vs/platform/terminal/node/ptyHostMain.js:32:5153)
    at g.q (/home/ubuntu/.vscode-server/bin/0ee08df0cf4527e40edc9aa28f4b5bd38bbff2b2/out/vs/platform/terminal/node/ptyHostMain.js:32:4662)
    at a.value (/home/ubuntu/.vscode-server/bin/0ee08df0cf4527e40edc9aa28f4b5bd38bbff2b2/out/vs/platform/terminal/node/ptyHostMain.js:32:4064)
    at i.y (/home/ubuntu/.vscode-server/bin/0ee08df0cf4527e40edc9aa28f4b5bd38bbff2b2/out/vs/platform/terminal/node/ptyHostMain.js:27:1906)
    at i.fire (/home/ubuntu/.vscode-server/bin/0ee08df0cf4527e40edc9aa28f4b5bd38bbff2b2/out/vs/platform/terminal/node/ptyHostMain.js:27:2123)
    at process.ce (/home/ubuntu/.vscode-server/bin/0ee08df0cf4527e40edc9aa28f4b5bd38bbff2b2/out/vs/platform/terminal/node/ptyHostMain.js:25:10117)
    at process.emit (node:events:513:28)
    at emit (node:internal/child_process:937:14)
    at process.processTicksAndRejections (node:internal/process/task_queues:83:21)
[11:25:45] Error [CodeExpectedError]: Could not find pty on pty host
    at A.U (/home/ubuntu/.vscode-server/bin/0ee08df0cf4527e40edc9aa28f4b5bd38bbff2b2/out/vs/platform/terminal/node/ptyHostMain.js:43:32377)
    at A.updateIcon (/home/ubuntu/.vscode-server/bin/0ee08df0cf4527e40edc9aa28f4b5bd38bbff2b2/out/vs/platform/terminal/node/ptyHostMain.js:43:27562)
    at T.<computed> (/home/ubuntu/.vscode-server/bin/0ee08df0cf4527e40edc9aa28f4b5bd38bbff2b2/out/vs/platform/terminal/node/ptyHostMain.js:43:22735)
    at Object.call (/home/ubuntu/.vscode-server/bin/0ee08df0cf4527e40edc9aa28f4b5bd38bbff2b2/out/vs/platform/terminal/node/ptyHostMain.js:34:5041)
    at g.s (/home/ubuntu/.vscode-server/bin/0ee08df0cf4527e40edc9aa28f4b5bd38bbff2b2/out/vs/platform/terminal/node/ptyHostMain.js:32:5153)
    at g.q (/home/ubuntu/.vscode-server/bin/0ee08df0cf4527e40edc9aa28f4b5bd38bbff2b2/out/vs/platform/terminal/node/ptyHostMain.js:32:4662)
    at a.value (/home/ubuntu/.vscode-server/bin/0ee08df0cf4527e40edc9aa28f4b5bd38bbff2b2/out/vs/platform/terminal/node/ptyHostMain.js:32:4064)
    at i.y (/home/ubuntu/.vscode-server/bin/0ee08df0cf4527e40edc9aa28f4b5bd38bbff2b2/out/vs/platform/terminal/node/ptyHostMain.js:27:1906)
    at i.fire (/home/ubuntu/.vscode-server/bin/0ee08df0cf4527e40edc9aa28f4b5bd38bbff2b2/out/vs/platform/terminal/node/ptyHostMain.js:27:2123)
    at process.ce (/home/ubuntu/.vscode-server/bin/0ee08df0cf4527e40edc9aa28f4b5bd38bbff2b2/out/vs/platform/terminal/node/ptyHostMain.js:25:10117)
    at process.emit (node:events:513:28)
    at emit (node:internal/child_process:937:14)
    at process.processTicksAndRejections (node:internal/process/task_queues:83:21)
rejected promise not handled within 1 second: CodeExpectedError: Could not find pty on pty host
stack trace: CodeExpectedError: Could not find pty on pty host
    at A.U (/home/ubuntu/.vscode-server/bin/0ee08df0cf4527e40edc9aa28f4b5bd38bbff2b2/out/vs/platform/terminal/node/ptyHostMain.js:43:32377)
    at A.updateTitle (/home/ubuntu/.vscode-server/bin/0ee08df0cf4527e40edc9aa28f4b5bd38bbff2b2/out/vs/platform/terminal/node/ptyHostMain.js:43:27509)
    at T.<computed> (/home/ubuntu/.vscode-server/bin/0ee08df0cf4527e40edc9aa28f4b5bd38bbff2b2/out/vs/platform/terminal/node/ptyHostMain.js:43:22735)
    at Object.call (/home/ubuntu/.vscode-server/bin/0ee08df0cf4527e40edc9aa28f4b5bd38bbff2b2/out/vs/platform/terminal/node/ptyHostMain.js:34:5041)
    at g.s (/home/ubuntu/.vscode-server/bin/0ee08df0cf4527e40edc9aa28f4b5bd38bbff2b2/out/vs/platform/terminal/node/ptyHostMain.js:32:5153)
    at g.q (/home/ubuntu/.vscode-server/bin/0ee08df0cf4527e40edc9aa28f4b5bd38bbff2b2/out/vs/platform/terminal/node/ptyHostMain.js:32:4662)
    at a.value (/home/ubuntu/.vscode-server/bin/0ee08df0cf4527e40edc9aa28f4b5bd38bbff2b2/out/vs/platform/terminal/node/ptyHostMain.js:32:4064)
    at i.y (/home/ubuntu/.vscode-server/bin/0ee08df0cf4527e40edc9aa28f4b5bd38bbff2b2/out/vs/platform/terminal/node/ptyHostMain.js:27:1906)
    at i.fire (/home/ubuntu/.vscode-server/bin/0ee08df0cf4527e40edc9aa28f4b5bd38bbff2b2/out/vs/platform/terminal/node/ptyHostMain.js:27:2123)
    at process.ce (/home/ubuntu/.vscode-server/bin/0ee08df0cf4527e40edc9aa28f4b5bd38bbff2b2/out/vs/platform/terminal/node/ptyHostMain.js:25:10117)
    at process.emit (node:events:513:28)
    at emit (node:internal/child_process:937:14)
    at process.processTicksAndRejections (node:internal/process/task_queues:83:21)
[11:25:45] Error [CodeExpectedError]: Could not find pty on pty host
    at A.U (/home/ubuntu/.vscode-server/bin/0ee08df0cf4527e40edc9aa28f4b5bd38bbff2b2/out/vs/platform/terminal/node/ptyHostMain.js:43:32377)
    at A.updateTitle (/home/ubuntu/.vscode-server/bin/0ee08df0cf4527e40edc9aa28f4b5bd38bbff2b2/out/vs/platform/terminal/node/ptyHostMain.js:43:27509)
    at T.<computed> (/home/ubuntu/.vscode-server/bin/0ee08df0cf4527e40edc9aa28f4b5bd38bbff2b2/out/vs/platform/terminal/node/ptyHostMain.js:43:22735)
    at Object.call (/home/ubuntu/.vscode-server/bin/0ee08df0cf4527e40edc9aa28f4b5bd38bbff2b2/out/vs/platform/terminal/node/ptyHostMain.js:34:5041)
    at g.s (/home/ubuntu/.vscode-server/bin/0ee08df0cf4527e40edc9aa28f4b5bd38bbff2b2/out/vs/platform/terminal/node/ptyHostMain.js:32:5153)
    at g.q (/home/ubuntu/.vscode-server/bin/0ee08df0cf4527e40edc9aa28f4b5bd38bbff2b2/out/vs/platform/terminal/node/ptyHostMain.js:32:4662)
    at a.value (/home/ubuntu/.vscode-server/bin/0ee08df0cf4527e40edc9aa28f4b5bd38bbff2b2/out/vs/platform/terminal/node/ptyHostMain.js:32:4064)
    at i.y (/home/ubuntu/.vscode-server/bin/0ee08df0cf4527e40edc9aa28f4b5bd38bbff2b2/out/vs/platform/terminal/node/ptyHostMain.js:27:1906)
    at i.fire (/home/ubuntu/.vscode-server/bin/0ee08df0cf4527e40edc9aa28f4b5bd38bbff2b2/out/vs/platform/terminal/node/ptyHostMain.js:27:2123)
    at process.ce (/home/ubuntu/.vscode-server/bin/0ee08df0cf4527e40edc9aa28f4b5bd38bbff2b2/out/vs/platform/terminal/node/ptyHostMain.js:25:10117)
    at process.emit (node:events:513:28)
    at emit (node:internal/child_process:937:14)
    at process.processTicksAndRejections (node:internal/process/task_queues:83:21)
rejected promise not handled within 1 second: CodeExpectedError: Could not find pty on pty host
stack trace: CodeExpectedError: Could not find pty on pty host
    at A.U (/home/ubuntu/.vscode-server/bin/0ee08df0cf4527e40edc9aa28f4b5bd38bbff2b2/out/vs/platform/terminal/node/ptyHostMain.js:43:32377)
    at A.updateTitle (/home/ubuntu/.vscode-server/bin/0ee08df0cf4527e40edc9aa28f4b5bd38bbff2b2/out/vs/platform/terminal/node/ptyHostMain.js:43:27509)
    at T.<computed> (/home/ubuntu/.vscode-server/bin/0ee08df0cf4527e40edc9aa28f4b5bd38bbff2b2/out/vs/platform/terminal/node/ptyHostMain.js:43:22735)
    at Object.call (/home/ubuntu/.vscode-server/bin/0ee08df0cf4527e40edc9aa28f4b5bd38bbff2b2/out/vs/platform/terminal/node/ptyHostMain.js:34:5041)
    at g.s (/home/ubuntu/.vscode-server/bin/0ee08df0cf4527e40edc9aa28f4b5bd38bbff2b2/out/vs/platform/terminal/node/ptyHostMain.js:32:5153)
    at g.q (/home/ubuntu/.vscode-server/bin/0ee08df0cf4527e40edc9aa28f4b5bd38bbff2b2/out/vs/platform/terminal/node/ptyHostMain.js:32:4662)
    at a.value (/home/ubuntu/.vscode-server/bin/0ee08df0cf4527e40edc9aa28f4b5bd38bbff2b2/out/vs/platform/terminal/node/ptyHostMain.js:32:4064)
    at i.y (/home/ubuntu/.vscode-server/bin/0ee08df0cf4527e40edc9aa28f4b5bd38bbff2b2/out/vs/platform/terminal/node/ptyHostMain.js:27:1906)
    at i.fire (/home/ubuntu/.vscode-server/bin/0ee08df0cf4527e40edc9aa28f4b5bd38bbff2b2/out/vs/platform/terminal/node/ptyHostMain.js:27:2123)
    at process.ce (/home/ubuntu/.vscode-server/bin/0ee08df0cf4527e40edc9aa28f4b5bd38bbff2b2/out/vs/platform/terminal/node/ptyHostMain.js:25:10117)
    at process.emit (node:events:513:28)
    at emit (node:internal/child_process:937:14)
    at process.processTicksAndRejections (node:internal/process/task_queues:83:21)
[11:25:45] Error [CodeExpectedError]: Could not find pty on pty host
    at A.U (/home/ubuntu/.vscode-server/bin/0ee08df0cf4527e40edc9aa28f4b5bd38bbff2b2/out/vs/platform/terminal/node/ptyHostMain.js:43:32377)
    at A.updateTitle (/home/ubuntu/.vscode-server/bin/0ee08df0cf4527e40edc9aa28f4b5bd38bbff2b2/out/vs/platform/terminal/node/ptyHostMain.js:43:27509)
    at T.<computed> (/home/ubuntu/.vscode-server/bin/0ee08df0cf4527e40edc9aa28f4b5bd38bbff2b2/out/vs/platform/terminal/node/ptyHostMain.js:43:22735)
    at Object.call (/home/ubuntu/.vscode-server/bin/0ee08df0cf4527e40edc9aa28f4b5bd38bbff2b2/out/vs/platform/terminal/node/ptyHostMain.js:34:5041)
    at g.s (/home/ubuntu/.vscode-server/bin/0ee08df0cf4527e40edc9aa28f4b5bd38bbff2b2/out/vs/platform/terminal/node/ptyHostMain.js:32:5153)
    at g.q (/home/ubuntu/.vscode-server/bin/0ee08df0cf4527e40edc9aa28f4b5bd38bbff2b2/out/vs/platform/terminal/node/ptyHostMain.js:32:4662)
    at a.value (/home/ubuntu/.vscode-server/bin/0ee08df0cf4527e40edc9aa28f4b5bd38bbff2b2/out/vs/platform/terminal/node/ptyHostMain.js:32:4064)
    at i.y (/home/ubuntu/.vscode-server/bin/0ee08df0cf4527e40edc9aa28f4b5bd38bbff2b2/out/vs/platform/terminal/node/ptyHostMain.js:27:1906)
    at i.fire (/home/ubuntu/.vscode-server/bin/0ee08df0cf4527e40edc9aa28f4b5bd38bbff2b2/out/vs/platform/terminal/node/ptyHostMain.js:27:2123)
    at process.ce (/home/ubuntu/.vscode-server/bin/0ee08df0cf4527e40edc9aa28f4b5bd38bbff2b2/out/vs/platform/terminal/node/ptyHostMain.js:25:10117)
    at process.emit (node:events:513:28)
    at emit (node:internal/child_process:937:14)
    at process.processTicksAndRejections (node:internal/process/task_queues:83:21)
rejected promise not handled within 1 second: CodeExpectedError: Could not find pty on pty host
stack trace: CodeExpectedError: Could not find pty on pty host
    at A.U (/home/ubuntu/.vscode-server/bin/0ee08df0cf4527e40edc9aa28f4b5bd38bbff2b2/out/vs/platform/terminal/node/ptyHostMain.js:43:32377)
    at A.updateTitle (/home/ubuntu/.vscode-server/bin/0ee08df0cf4527e40edc9aa28f4b5bd38bbff2b2/out/vs/platform/terminal/node/ptyHostMain.js:43:27509)
    at T.<computed> (/home/ubuntu/.vscode-server/bin/0ee08df0cf4527e40edc9aa28f4b5bd38bbff2b2/out/vs/platform/terminal/node/ptyHostMain.js:43:22735)
    at Object.call (/home/ubuntu/.vscode-server/bin/0ee08df0cf4527e40edc9aa28f4b5bd38bbff2b2/out/vs/platform/terminal/node/ptyHostMain.js:34:5041)
    at g.s (/home/ubuntu/.vscode-server/bin/0ee08df0cf4527e40edc9aa28f4b5bd38bbff2b2/out/vs/platform/terminal/node/ptyHostMain.js:32:5153)
    at g.q (/home/ubuntu/.vscode-server/bin/0ee08df0cf4527e40edc9aa28f4b5bd38bbff2b2/out/vs/platform/terminal/node/ptyHostMain.js:32:4662)
    at a.value (/home/ubuntu/.vscode-server/bin/0ee08df0cf4527e40edc9aa28f4b5bd38bbff2b2/out/vs/platform/terminal/node/ptyHostMain.js:32:4064)
    at i.y (/home/ubuntu/.vscode-server/bin/0ee08df0cf4527e40edc9aa28f4b5bd38bbff2b2/out/vs/platform/terminal/node/ptyHostMain.js:27:1906)
    at i.fire (/home/ubuntu/.vscode-server/bin/0ee08df0cf4527e40edc9aa28f4b5bd38bbff2b2/out/vs/platform/terminal/node/ptyHostMain.js:27:2123)
    at process.ce (/home/ubuntu/.vscode-server/bin/0ee08df0cf4527e40edc9aa28f4b5bd38bbff2b2/out/vs/platform/terminal/node/ptyHostMain.js:25:10117)
    at process.emit (node:events:513:28)
    at emit (node:internal/child_process:937:14)
    at process.processTicksAndRejections (node:internal/process/task_queues:83:21)
[11:25:47] Error [CodeExpectedError]: Could not find pty on pty host
    at A.U (/home/ubuntu/.vscode-server/bin/0ee08df0cf4527e40edc9aa28f4b5bd38bbff2b2/out/vs/platform/terminal/node/ptyHostMain.js:43:32377)
    at A.updateTitle (/home/ubuntu/.vscode-server/bin/0ee08df0cf4527e40edc9aa28f4b5bd38bbff2b2/out/vs/platform/terminal/node/ptyHostMain.js:43:27509)
    at T.<computed> (/home/ubuntu/.vscode-server/bin/0ee08df0cf4527e40edc9aa28f4b5bd38bbff2b2/out/vs/platform/terminal/node/ptyHostMain.js:43:22735)
    at Object.call (/home/ubuntu/.vscode-server/bin/0ee08df0cf4527e40edc9aa28f4b5bd38bbff2b2/out/vs/platform/terminal/node/ptyHostMain.js:34:5041)
    at g.s (/home/ubuntu/.vscode-server/bin/0ee08df0cf4527e40edc9aa28f4b5bd38bbff2b2/out/vs/platform/terminal/node/ptyHostMain.js:32:5153)
    at g.q (/home/ubuntu/.vscode-server/bin/0ee08df0cf4527e40edc9aa28f4b5bd38bbff2b2/out/vs/platform/terminal/node/ptyHostMain.js:32:4662)
    at a.value (/home/ubuntu/.vscode-server/bin/0ee08df0cf4527e40edc9aa28f4b5bd38bbff2b2/out/vs/platform/terminal/node/ptyHostMain.js:32:4064)
    at i.y (/home/ubuntu/.vscode-server/bin/0ee08df0cf4527e40edc9aa28f4b5bd38bbff2b2/out/vs/platform/terminal/node/ptyHostMain.js:27:1906)
    at i.fire (/home/ubuntu/.vscode-server/bin/0ee08df0cf4527e40edc9aa28f4b5bd38bbff2b2/out/vs/platform/terminal/node/ptyHostMain.js:27:2123)
    at process.ce (/home/ubuntu/.vscode-server/bin/0ee08df0cf4527e40edc9aa28f4b5bd38bbff2b2/out/vs/platform/terminal/node/ptyHostMain.js:25:10117)
    at process.emit (node:events:513:28)
    at emit (node:internal/child_process:937:14)
    at process.processTicksAndRejections (node:internal/process/task_queues:83:21)
New EH opened, aborting shutdown
[11:30:33] New EH opened, aborting shutdown
