2023-12-21 11:29:21.251 [info] (Client) Pylance async client (2023.12.1) started with python extension (2023.22.1)
2023-12-21 11:29:22.614 [info] [Info  - 11:29:22 AM] (35379) Pylance language server 2023.12.1 (pyright a78e2b10) starting
2023-12-21 11:29:22.615 [info] [Info  - 11:29:22 AM] (35379) Server root directory: /home/ubuntu/.vscode-server/extensions/ms-python.vscode-pylance-2023.12.1/dist
2023-12-21 11:29:22.615 [info] [Info  - 11:29:22 AM] (35379) Starting service instance "ubuntu"
2023-12-21 11:29:22.855 [info] [Info  - 11:29:22 AM] (35379) Setting pythonPath for service "ubuntu": "/bin/python3"
2023-12-21 11:29:22.858 [info] [Info  - 11:29:22 AM] (35379) Setting environmentName for service "ubuntu": "3.8.10 (global)"
2023-12-21 11:29:22.989 [info] [Info  - 11:29:22 AM] (35379) Assuming Python version 3.8
2023-12-21 11:29:23.254 [info] [Info  - 11:29:23 AM] (35379) No source files found.
2023-12-21 11:29:31.986 [info] [Info  - 11:29:31 AM] (35379) [IDX(2)] Long operation: scan packages /home/ubuntu (4112ms)
2023-12-21 11:29:33.632 [info] [Info  - 11:29:33 AM] (35379) [BG(1)] Long operation: checking: /home/ubuntu/Airflow/Script_model (4058ms)
2023-12-21 11:29:33.632 [info] [Info  - 11:29:33 AM] (35379) [BG(1)] Long operation: analyzing: /home/ubuntu/Airflow/Script_model (6144ms)
2023-12-21 11:29:35.269 [info] [Info  - 11:29:35 AM] (35379) [IDX(2)] Long operation: indexing: /home/ubuntu/.local/lib/python3.8/site-packages/joblib/__init__.py (2222ms)
2023-12-21 11:29:44.317 [info] [Info  - 11:29:44 AM] (35379) [IDX(2)] Long operation: index execution environment /home/ubuntu (11731ms)
2023-12-21 11:29:44.350 [info] [Info  - 11:29:44 AM] (35379) [IDX(2)] Long operation: index packages /home/ubuntu (11854ms)
2023-12-21 11:29:44.446 [info] [Info  - 11:29:44 AM] (35379) [BG(1)] Long operation: checking: /home/ubuntu/Script_model (8758ms)
2023-12-21 11:29:44.446 [info] [Info  - 11:29:44 AM] (35379) [BG(1)] Long operation: analyzing: /home/ubuntu/Script_model (9159ms)
2023-12-21 12:04:06.711 [info] [Info  - 12:04:06 PM] (35379) Setting pythonPath for service "ubuntu": "/bin/python3"
2023-12-21 12:04:06.712 [info] [Info  - 12:04:06 PM] (35379) Setting environmentName for service "ubuntu": "3.8.10 (global)"
2023-12-21 12:04:06.878 [info] [Info  - 12:04:06 PM] (35379) Assuming Python version 3.8
2023-12-21 12:04:07.250 [info] [Info  - 12:04:07 PM] (35379) No source files found.
2023-12-21 12:04:15.118 [info] [Info  - 12:04:15 PM] (35379) [IDX(3)] Long operation: scan packages /home/ubuntu (2630ms)
2023-12-21 12:04:17.689 [info] [Info  - 12:04:17 PM] (35379) [BG(1)] Long operation: checking: /home/ubuntu/Script_model (8329ms)
2023-12-21 12:04:17.689 [info] [Info  - 12:04:17 PM] (35379) [BG(1)] Long operation: analyzing: /home/ubuntu/Script_model (10266ms)
