2023-12-20 09:13:48.078 [info] (Client) Pylance async client (2023.12.1) started with python extension (2023.22.1)
2023-12-20 09:13:49.332 [info] [Info  - 9:13:49 AM] (42134) Pylance language server 2023.12.1 (pyright a78e2b10) starting
2023-12-20 09:13:49.333 [info] [Info  - 9:13:49 AM] (42134) Server root directory: /home/ubuntu/.vscode-server/extensions/ms-python.vscode-pylance-2023.12.1/dist
2023-12-20 09:13:49.333 [info] [Info  - 9:13:49 AM] (42134) Starting service instance "ubuntu"
2023-12-20 09:13:49.566 [info] [Info  - 9:13:49 AM] (42134) Setting pythonPath for service "ubuntu": "/bin/python3"
2023-12-20 09:13:49.587 [info] [Info  - 9:13:49 AM] (42134) Setting environmentName for service "ubuntu": "3.8.10 (global)"
2023-12-20 09:13:49.771 [info] [Info  - 9:13:49 AM] (42134) Assuming Python version 3.8
2023-12-20 09:13:50.025 [info] [Info  - 9:13:50 AM] (42134) No source files found.
2023-12-20 09:13:59.075 [info] [Info  - 9:13:59 AM] (42134) [IDX(2)] Long operation: scan packages /home/ubuntu (4465ms)
2023-12-20 09:14:00.167 [info] [Info  - 9:14:00 AM] (42134) [BG(1)] Long operation: checking: /home/ubuntu/Airflow/script_raw_file (4108ms)
2023-12-20 09:14:00.191 [info] [Info  - 9:14:00 AM] (42134) [BG(1)] Long operation: analyzing: /home/ubuntu/Airflow/script_raw_file (6178ms)
2023-12-20 09:14:03.662 [info] [Info  - 9:14:03 AM] (42134) [IDX(2)] Long operation: indexing: /home/ubuntu/.vscode-server/extensions/ms-python.vscode-pylance-2023.12.1/dist/bundled/stubs/pandas/__init__.pyi (2997ms)
2023-12-20 09:14:06.983 [info] [Info  - 9:14:06 AM] (42134) [IDX(2)] Long operation: index execution environment /home/ubuntu (7428ms)
2023-12-20 09:14:07.051 [info] [Info  - 9:14:07 AM] (42134) [IDX(2)] Long operation: index packages /home/ubuntu (7619ms)
2023-12-20 09:28:37.981 [info] [Error - 9:28:37 AM] Server process exited with code 0.
2023-12-20 09:28:38.611 [info] (Client) Pylance async client (2023.12.1) started with python extension (2023.22.1)
2023-12-20 09:28:39.552 [info] [Info  - 9:28:39 AM] (49391) Pylance language server 2023.12.1 (pyright a78e2b10) starting
2023-12-20 09:28:39.553 [info] [Info  - 9:28:39 AM] (49391) Server root directory: /home/ubuntu/.vscode-server/extensions/ms-python.vscode-pylance-2023.12.1/dist
2023-12-20 09:28:39.580 [info] [Info  - 9:28:39 AM] (49391) Starting service instance "ubuntu"
2023-12-20 09:28:39.667 [info] [Info  - 9:28:39 AM] (49391) Setting pythonPath for service "ubuntu": "/bin/python3"
2023-12-20 09:28:39.667 [info] [Info  - 9:28:39 AM] (49391) Setting environmentName for service "ubuntu": "3.8.10 (global)"
2023-12-20 09:28:39.743 [info] [Info  - 9:28:39 AM] (49391) Assuming Python version 3.8
2023-12-20 09:28:39.870 [info] [Info  - 9:28:39 AM] (49391) No source files found.
2023-12-20 09:28:44.373 [info] [Info  - 9:28:44 AM] (49391) [IDX(2)] Long operation: scan packages /home/ubuntu (2084ms)
2023-12-20 09:28:44.950 [info] [Info  - 9:28:44 AM] (49391) [BG(1)] Long operation: checking: /home/ubuntu/Airflow/script_raw_file (2125ms)
2023-12-20 09:28:44.952 [info] [Info  - 9:28:44 AM] (49391) [BG(1)] Long operation: analyzing: /home/ubuntu/Airflow/script_raw_file (3271ms)
2023-12-20 10:42:46.596 [info] [Info  - 10:42:46 AM] (49391) Setting pythonPath for service "ubuntu": "/bin/python3"
2023-12-20 10:42:46.597 [info] [Info  - 10:42:46 AM] (49391) Setting environmentName for service "ubuntu": "3.8.10 (global)"
2023-12-20 10:42:46.705 [info] [Info  - 10:42:46 AM] (49391) Assuming Python version 3.8
2023-12-20 10:42:46.965 [info] [Info  - 10:42:46 AM] (49391) No source files found.
2023-12-20 10:42:51.946 [info] [Info  - 10:42:51 AM] (49391) [BG(1)] Long operation: checking: /home/ubuntu/Airflow/Script_model (3817ms)
2023-12-20 10:42:51.946 [info] [Info  - 10:42:51 AM] (49391) [BG(1)] Long operation: analyzing: /home/ubuntu/Airflow/Script_model (4893ms)
