2023-12-20 09:12:38.786 [info] Extension host with pid 40728 started
2023-12-20 09:12:38.811 [info] Lock '/home/ubuntu/.vscode-server/data/User/workspaceStorage/ec007df743ee205718e0cf55d6a929d7/vscode.lock': Lock acquired.
2023-12-20 09:12:38.879 [info] ExtensionService#_doActivateExtension vscode.git-base, startup: true, activationEvent: '*', root cause: vscode.git
2023-12-20 09:12:39.089 [info] ExtensionService#_doActivateExtension vscode.git, startup: true, activationEvent: '*'
2023-12-20 09:12:39.089 [info] ExtensionService#_doActivateExtension vscode.github, startup: true, activationEvent: '*'
2023-12-20 09:12:40.622 [info] Eager extensions activated
2023-12-20 09:12:40.634 [info] ExtensionService#_doActivateExtension vscode.debug-auto-launch, startup: false, activationEvent: 'onStartupFinished'
2023-12-20 09:12:40.635 [info] ExtensionService#_doActivateExtension vscode.merge-conflict, startup: false, activationEvent: 'onStartupFinished'
2023-12-20 09:13:43.613 [info] ExtensionService#_doActivateExtension vscode.emmet, startup: false, activationEvent: 'onLanguage'
2023-12-20 09:13:44.899 [info] ExtensionService#_doActivateExtension ms-python.python, startup: false, activationEvent: 'onLanguage:python'
2023-12-20 09:13:45.916 [info] ExtensionService#_doActivateExtension ms-python.vscode-pylance, startup: false, activationEvent: 'onLanguage:python'
2023-12-20 09:14:05.973 [error] [ms-python.python] provider FAILED
2023-12-20 09:14:05.973 [error] TypeError: Cannot read properties of undefined (reading 'data')
	at /home/ubuntu/.vscode-server/extensions/ms-python.vscode-pylance-2023.12.1/dist/extension.bundle.js:1:139672
	at _0x1be708 (/home/ubuntu/.vscode-server/extensions/ms-python.vscode-pylance-2023.12.1/dist/extension.bundle.js:1:152856)
	at async we.provideCompletionItems (/home/ubuntu/.vscode-server/bin/0ee08df0cf4527e40edc9aa28f4b5bd38bbff2b2/out/vs/workbench/api/node/extensionHostProcess.js:143:53055)
2023-12-20 09:14:22.901 [info] ExtensionService#_doActivateExtension vscode.npm, startup: false, activationEvent: 'onTerminalQuickFixRequest:ms-vscode.npm-command'
2023-12-20 09:17:19.419 [info] ExtensionService#_doActivateExtension vscode.extension-editing, startup: false, activationEvent: 'onLanguage:json'
2023-12-20 09:17:19.420 [info] ExtensionService#_doActivateExtension vscode.json-language-features, startup: false, activationEvent: 'onLanguage:json'
2023-12-20 09:19:06.284 [error] [ms-python.python] provider FAILED
2023-12-20 09:19:06.284 [error] TypeError: Cannot read properties of undefined (reading 'data')
	at /home/ubuntu/.vscode-server/extensions/ms-python.vscode-pylance-2023.12.1/dist/extension.bundle.js:1:139672
	at _0x1be708 (/home/ubuntu/.vscode-server/extensions/ms-python.vscode-pylance-2023.12.1/dist/extension.bundle.js:1:152856)
	at async we.provideCompletionItems (/home/ubuntu/.vscode-server/bin/0ee08df0cf4527e40edc9aa28f4b5bd38bbff2b2/out/vs/workbench/api/node/extensionHostProcess.js:143:53055)
2023-12-20 09:28:38.017 [info] ExtensionService#_doActivateExtension mechatroner.rainbow-csv, startup: false, activationEvent: 'onLanguage:csv'
2023-12-20 09:39:06.958 [error] [ms-python.python] provider FAILED
2023-12-20 09:39:06.958 [error] TypeError: Cannot read properties of undefined (reading 'data')
	at /home/ubuntu/.vscode-server/extensions/ms-python.vscode-pylance-2023.12.1/dist/extension.bundle.js:1:139672
	at _0x1be708 (/home/ubuntu/.vscode-server/extensions/ms-python.vscode-pylance-2023.12.1/dist/extension.bundle.js:1:152856)
	at async we.provideCompletionItems (/home/ubuntu/.vscode-server/bin/0ee08df0cf4527e40edc9aa28f4b5bd38bbff2b2/out/vs/workbench/api/node/extensionHostProcess.js:143:53055)
2023-12-20 09:50:57.841 [error] [ms-python.python] provider FAILED
2023-12-20 09:50:57.841 [error] TypeError: Cannot read properties of undefined (reading 'data')
	at /home/ubuntu/.vscode-server/extensions/ms-python.vscode-pylance-2023.12.1/dist/extension.bundle.js:1:139672
	at _0x1be708 (/home/ubuntu/.vscode-server/extensions/ms-python.vscode-pylance-2023.12.1/dist/extension.bundle.js:1:152856)
	at async we.provideCompletionItems (/home/ubuntu/.vscode-server/bin/0ee08df0cf4527e40edc9aa28f4b5bd38bbff2b2/out/vs/workbench/api/node/extensionHostProcess.js:143:53055)
2023-12-20 10:02:56.301 [error] Error: read ECONNRESET
	at TLSWrap.onStreamRead (node:internal/stream_base_commons:217:20)
2023-12-20 10:41:07.299 [warning] [Decorations] CAPPING events from decorations provider vscode.git 10000
2023-12-20 10:41:09.823 [warning] [Decorations] CAPPING events from decorations provider vscode.git 10000
2023-12-20 10:43:48.043 [warning] [Decorations] CAPPING events from decorations provider vscode.git 10000
2023-12-20 10:44:11.485 [warning] [Decorations] CAPPING events from decorations provider vscode.git 10000
2023-12-20 10:44:21.358 [warning] [Decorations] CAPPING events from decorations provider vscode.git 10000
